Starting project at C:\Users\Evil\Pictures\rentspot
React Compiler enabled
Metro is running in CI mode, reloads are disabled. Remove CI=true to enable watch mode.
Starting Metro Bundler
warning: Bundler cache is empty, rebuilding (this may take a minute)
Waiting on http://localhost:8092
Logs for your project will appear below.
Web node_modules\expo-router\entry.js ░░░░░░░░░░░░░░░░  0.0% (0/1)
λ node_modules\expo-router\node\render.js ░░░░░░░░░░░░░░░░  0.0% (0/1)
Web node_modules\expo-router\entry.js ▓▓▓▓▓░░░░░░░░░░░ 34.0% ( 7/12)
λ node_modules\expo-router\node\render.js ▓░░░░░░░░░░░░░░░  6.6% ( 38/175)
Web node_modules\expo-router\entry.js ▓▓▓▓▓░░░░░░░░░░░ 34.0% (11/25)
λ node_modules\expo-router\node\render.js ▓░░░░░░░░░░░░░░░ 11.5% (101/298)
Web node_modules\expo-router\entry.js ▓▓▓▓▓▓░░░░░░░░░░ 39.1% (29/63)
λ node_modules\expo-router\node\render.js ▓▓▓▓▓▓░░░░░░░░░░ 39.5% (322/514)
Web node_modules\expo-router\entry.js ▓▓▓▓▓▓░░░░░░░░░░ 39.1% (102/305)
λ node_modules\expo-router\node\render.js ▓▓▓▓▓▓▓▓▓▓░░░░░░ 64.9% (530/658)
Web node_modules\expo-router\entry.js ▓▓▓▓▓▓░░░░░░░░░░ 39.1% (186/367)
λ node_modules\expo-router\node\render.js ▓▓▓▓▓▓▓▓▓▓▓░░░░░ 72.5% (600/723)
Web node_modules\expo-router\entry.js ▓▓▓▓▓▓░░░░░░░░░░ 39.2% (298/476)
λ node_modules\expo-router\node\render.js ▓▓▓▓▓▓▓▓▓▓▓░░░░░ 74.3% (651/755)
Web node_modules\expo-router\entry.js ░░░░░░░░░░░░░░░░  0.0% (0/1)
λ node_modules\expo-router\node\render.js ░░░░░░░░░░░░░░░░  0.0% (0/1)
Web node_modules\expo-router\entry.js ░░░░░░░░░░░░░░░░  0.0% (0/1)
λ node_modules\expo-router\node\render.js ░░░░░░░░░░░░░░░░  0.0% (0/1)
Web node_modules\expo-router\entry.js ▓▓▓▓▓▓▓▓▓░░░░░░░ 56.3% (435/583)
λ node_modules\expo-router\node\render.js ▓▓▓▓▓▓▓▓▓▓▓▓▓▓░░ 90.0% (813/857)
Web node_modules\expo-router\entry.js ░░░░░░░░░░░░░░░░  0.0% (0/1)
λ node_modules\expo-router\node\render.js ░░░░░░░░░░░░░░░░  0.0% (0/1)
Web node_modules\expo-router\entry.js ░░░░░░░░░░░░░░░░  0.0% (0/1)
λ node_modules\expo-router\node\render.js ░░░░░░░░░░░░░░░░  0.0% (0/1)
Web node_modules\expo-router\entry.js ▓▓▓▓▓▓▓▓▓▓▓▓░░░░ 79.7% (734/822)
λ node_modules\expo-router\node\render.js ▓▓▓▓▓▓▓▓▓▓▓▓▓▓▓░ 93.8% (949/980)
Web node_modules\expo-router\entry.js ░░░░░░░░░░░░░░░░  0.0% (0/1)
λ node_modules\expo-router\node\render.js ░░░░░░░░░░░░░░░░  0.0% (0/1)
Web node_modules\expo-router\entry.js ░░░░░░░░░░░░░░░░  0.0% (0/1)
λ node_modules\expo-router\node\render.js ░░░░░░░░░░░░░░░░  0.0% (0/1)
λ Bundled 33240ms node_modules\expo-router\node\render.js (1009 modules)
λ Bundled 10973ms node_modules\expo-router\node\render.js (1 module)
λ Bundled 10888ms node_modules\expo-router\node\render.js (1 module)
Web node_modules\expo-router\entry.js ▓▓▓▓▓▓▓▓▓▓▓▓▓▓▓░ 99.9% (975/975)
Web node_modules\expo-router\entry.js ░░░░░░░░░░░░░░░░  0.0% (0/1)
Web node_modules\expo-router\entry.js ░░░░░░░░░░░░░░░░  0.0% (0/1)
Web Bundled 39397ms node_modules\expo-router\entry.js (975 modules)
Web node_modules\expo-router\entry.js ▓▓▓▓▓▓▓▓▓▓▓▓▓▓▓░ 99.9% (975/975)
Web node_modules\expo-router\entry.js ░░░░░░░░░░░░░░░░  0.0% (0/1)
Web node_modules\expo-router\entry.js ░░░░░░░░░░░░░░░░  0.0% (0/1)
Web Bundled 17121ms node_modules\expo-router\entry.js (1 module)
Web Bundled 17040ms node_modules\expo-router\entry.js (1 module)
Web node_modules\expo-router\entry.js ▓▓▓▓▓░░░░░░░░░░░ 35.2% (225/379)
Web node_modules\expo-router\entry.js ▓▓▓▓▓▓▓░░░░░░░░░ 49.7% (363/515)
Web node_modules\expo-router\entry.js ▓▓▓▓▓▓▓▓▓▓▓▓░░░░ 79.4% (721/809)
Web node_modules\expo-router\entry.js ▓▓▓▓▓▓▓▓▓▓▓▓▓▓▓░ 99.6% (974/976)
Web Bundled 14426ms node_modules\expo-router\entry.js (976 modules)
λ Bundled 95ms node_modules\expo-router\node\render.js (1 module)
 LOG  [web] Logs will appear in the browser console
Web Bundled 1937ms node_modules\expo-router\entry.js (1 module)
Web node_modules\expo-router\entry.js ░░░░░░░░░░░░░░░░  0.0% (0/1)
λ Bundled 81ms node_modules\expo-router\node\render.js (1 module)
λ Bundled 68ms node_modules\expo-router\node\render.js (1 module)
Web Bundled 2526ms node_modules\expo-router\entry.js (1 module)
Web Bundled 2166ms node_modules\expo-router\entry.js (1 module)
Web node_modules\expo-router\entry.js ░░░░░░░░░░░░░░░░  0.0% (0/1)
λ Bundled 98ms node_modules\expo-router\node\render.js (1 module)
Web Bundled 1181ms node_modules\expo-router\entry.js (1 module)
Web Bundled 77ms node_modules\expo-router\entry.js (1 module)
 LOG  [web] Logs will appear in the browser console
Web node_modules\expo-router\entry.js ░░░░░░░░░░░░░░░░  0.0% (0/1)
λ Bundled 95ms node_modules\expo-router\node\render.js (1 module)
Web Bundled 1121ms node_modules\expo-router\entry.js (1 module)
Web Bundled 109ms node_modules\expo-router\entry.js (1 module)
λ Bundled 100ms node_modules\expo-router\node\render.js (1 module)
 LOG  [web] Logs will appear in the browser console
λ Bundled 93ms node_modules\expo-router\node\render.js (1 module)
Web node_modules\expo-router\entry.js ░░░░░░░░░░░░░░░░  0.0% (0/1)
Web node_modules\expo-router\entry.js ░░░░░░░░░░░░░░░░  0.0% (0/1)
Web Bundled 2438ms node_modules\expo-router\entry.js (1 module)
Web Bundled 1294ms node_modules\expo-router\entry.js (1 module)
Web Bundled 64ms node_modules\expo-router\entry.js (1 module)
 LOG  [web] Logs will appear in the browser console
Web node_modules\expo-router\entry.js ░░░░░░░░░░░░░░░░  0.0% (0/1)
λ Bundled 90ms node_modules\expo-router\node\render.js (1 module)
Web Bundled 1354ms node_modules\expo-router\entry.js (1 module)
Web Bundled 100ms node_modules\expo-router\entry.js (1 module)
λ Bundled 82ms node_modules\expo-router\node\render.js (1 module)
 LOG  [web] Logs will appear in the browser console
Web node_modules\expo-router\entry.js ░░░░░░░░░░░░░░░░  0.0% (0/1)
Web Bundled 1124ms node_modules\expo-router\entry.js (1 module)
λ Bundled 100ms node_modules\expo-router\node\render.js (1 module)
Web Bundled 1219ms node_modules\expo-router\entry.js (1 module)
Web Bundled 90ms node_modules\expo-router\entry.js (1 module)
 LOG  [web] Logs will appear in the browser console
