The following packages should be updated for best compatibility with the installed expo version:
  expo@54.0.33 - expected version: ~54.0.34
  expo-image-picker@17.0.10 - expected version: ~17.0.11
  expo-linking@8.0.11 - expected version: ~8.0.12
  expo-notifications@0.32.16 - expected version: ~0.32.17
  expo-web-browser@15.0.10 - expected version: ~15.0.11
Your project may not work correctly until you install the expected versions of the packages.
"shadow*" style props are deprecated. Use "boxShadow".
"textShadow*" style props are deprecated. Use "textShadow".
λ  WARN  Route "./hooks/useCheckersGame.ts" is missing the required default export. Ensure a React component is exported as default. 
  console.warn (C:\Users\Evil\Pictures\rentspot\node_modules\expo\node_modules\@expo\cli\src\start\server\serverLogLikeMetro.ts:161:21)
  getDirectoryTree (C:\Users\Evil\Pictures\rentspot\node_modules\expo-router\build\getRoutesCore.js:311:29)
  getRoutes (C:\Users\Evil\Pictures\rentspot\node_modules\expo-router\build\getRoutesCore.js:23:27)
  getRoutes (C:\Users\Evil\Pictures\rentspot\node_modules\expo-router\build\getRoutes.js:20:41)
  useStore (C:\Users\Evil\Pictures\rentspot\node_modules\expo-router\build\global-state\router-store.js:141:48)
  Component (C:\Users\Evil\Pictures\rentspot\node_modules\expo-router\build\ExpoRoot.js:128:46)
  Object.callComponentInDEV [as react-stack-bottom-frame] (C:\Users\Evil\Pictures\rentspot\node_modules\react-dom\cjs\react-dom-server-legacy.node.development.js:8970:18)
  renderWithHooks (C:\Users\Evil\Pictures\rentspot\node_modules\react-dom\cjs\react-dom-server-legacy.node.development.js:4699:19)
  run (C:\Users\Evil\Pictures\rentspot\node_modules\react-dom\cjs\react-dom-server-legacy.node.development.js:5134:23)
  retryNode (C:\Users\Evil\Pictures\rentspot\node_modules\react-dom\cjs\react-dom-server-legacy.node.development.js:5899:31)
λ  WARN  Route "./hooks/useTictactoeGame.ts" is missing the required default export. Ensure a React component is exported as default. 
  console.warn (C:\Users\Evil\Pictures\rentspot\node_modules\expo\node_modules\@expo\cli\src\start\server\serverLogLikeMetro.ts:161:21)
  getDirectoryTree (C:\Users\Evil\Pictures\rentspot\node_modules\expo-router\build\getRoutesCore.js:311:29)
  getRoutes (C:\Users\Evil\Pictures\rentspot\node_modules\expo-router\build\getRoutesCore.js:23:27)
  getRoutes (C:\Users\Evil\Pictures\rentspot\node_modules\expo-router\build\getRoutes.js:20:41)
  useStore (C:\Users\Evil\Pictures\rentspot\node_modules\expo-router\build\global-state\router-store.js:141:48)
  Component (C:\Users\Evil\Pictures\rentspot\node_modules\expo-router\build\ExpoRoot.js:128:46)
  Object.callComponentInDEV [as react-stack-bottom-frame] (C:\Users\Evil\Pictures\rentspot\node_modules\react-dom\cjs\react-dom-server-legacy.node.development.js:8970:18)
  renderWithHooks (C:\Users\Evil\Pictures\rentspot\node_modules\react-dom\cjs\react-dom-server-legacy.node.development.js:4699:19)
  run (C:\Users\Evil\Pictures\rentspot\node_modules\react-dom\cjs\react-dom-server-legacy.node.development.js:5134:23)
  retryNode (C:\Users\Evil\Pictures\rentspot\node_modules\react-dom\cjs\react-dom-server-legacy.node.development.js:5899:31)
λ  WARN  props.pointerEvents is deprecated. Use style.pointerEvents 
  console.warn (C:\Users\Evil\Pictures\rentspot\node_modules\expo\node_modules\@expo\cli\src\start\server\serverLogLikeMetro.ts:161:21)
  warnOnce (C:\Users\Evil\Pictures\rentspot\node_modules\react-native-web\dist\modules\warnOnce\index.js:24:13)
  createDOMProps (C:\Users\Evil\Pictures\rentspot\node_modules\react-native-web\dist\modules\createDOMProps\index.js:805:13)
  createElement (C:\Users\Evil\Pictures\rentspot\node_modules\react-native-web\dist\exports\createElement\index.js:23:32)
  Component (C:\Users\Evil\Pictures\rentspot\node_modules\react-native-web\dist\exports\View\index.js:111:23)
  Object.callComponentInDEV [as react-stack-bottom-frame] (C:\Users\Evil\Pictures\rentspot\node_modules\react-dom\cjs\react-dom-server-legacy.node.development.js:8970:18)
  renderWithHooks (C:\Users\Evil\Pictures\rentspot\node_modules\react-dom\cjs\react-dom-server-legacy.node.development.js:4699:19)
  run (C:\Users\Evil\Pictures\rentspot\node_modules\react-dom\cjs\react-dom-server-legacy.node.development.js:5539:39)
  retryNode (C:\Users\Evil\Pictures\rentspot\node_modules\react-dom\cjs\react-dom-server-legacy.node.development.js:5899:31)
  renderNodeDestructive (C:\Users\Evil\Pictures\rentspot\node_modules\react-dom\cjs\react-dom-server-legacy.node.development.js:5849:11)
"shadow*" style props are deprecated. Use "boxShadow".
"textShadow*" style props are deprecated. Use "textShadow".
λ  WARN  Route "./hooks/useCheckersGame.ts" is missing the required default export. Ensure a React component is exported as default. 
  console.warn (C:\Users\Evil\Pictures\rentspot\node_modules\expo\node_modules\@expo\cli\src\start\server\serverLogLikeMetro.ts:161:21)
  getDirectoryTree (C:\Users\Evil\Pictures\rentspot\node_modules\expo-router\build\getRoutesCore.js:311:29)
  getRoutes (C:\Users\Evil\Pictures\rentspot\node_modules\expo-router\build\getRoutesCore.js:23:27)
  getRoutes (C:\Users\Evil\Pictures\rentspot\node_modules\expo-router\build\getRoutes.js:20:41)
  useStore (C:\Users\Evil\Pictures\rentspot\node_modules\expo-router\build\global-state\router-store.js:141:48)
  Component (C:\Users\Evil\Pictures\rentspot\node_modules\expo-router\build\ExpoRoot.js:128:46)
  Object.callComponentInDEV [as react-stack-bottom-frame] (C:\Users\Evil\Pictures\rentspot\node_modules\react-dom\cjs\react-dom-server-legacy.node.development.js:8970:18)
  renderWithHooks (C:\Users\Evil\Pictures\rentspot\node_modules\react-dom\cjs\react-dom-server-legacy.node.development.js:4699:19)
  run (C:\Users\Evil\Pictures\rentspot\node_modules\react-dom\cjs\react-dom-server-legacy.node.development.js:5134:23)
  retryNode (C:\Users\Evil\Pictures\rentspot\node_modules\react-dom\cjs\react-dom-server-legacy.node.development.js:5899:31)
λ  WARN  Route "./hooks/useTictactoeGame.ts" is missing the required default export. Ensure a React component is exported as default. 
  console.warn (C:\Users\Evil\Pictures\rentspot\node_modules\expo\node_modules\@expo\cli\src\start\server\serverLogLikeMetro.ts:161:21)
  getDirectoryTree (C:\Users\Evil\Pictures\rentspot\node_modules\expo-router\build\getRoutesCore.js:311:29)
  getRoutes (C:\Users\Evil\Pictures\rentspot\node_modules\expo-router\build\getRoutesCore.js:23:27)
  getRoutes (C:\Users\Evil\Pictures\rentspot\node_modules\expo-router\build\getRoutes.js:20:41)
  useStore (C:\Users\Evil\Pictures\rentspot\node_modules\expo-router\build\global-state\router-store.js:141:48)
  Component (C:\Users\Evil\Pictures\rentspot\node_modules\expo-router\build\ExpoRoot.js:128:46)
  Object.callComponentInDEV [as react-stack-bottom-frame] (C:\Users\Evil\Pictures\rentspot\node_modules\react-dom\cjs\react-dom-server-legacy.node.development.js:8970:18)
  renderWithHooks (C:\Users\Evil\Pictures\rentspot\node_modules\react-dom\cjs\react-dom-server-legacy.node.development.js:4699:19)
  run (C:\Users\Evil\Pictures\rentspot\node_modules\react-dom\cjs\react-dom-server-legacy.node.development.js:5134:23)
  retryNode (C:\Users\Evil\Pictures\rentspot\node_modules\react-dom\cjs\react-dom-server-legacy.node.development.js:5899:31)
λ  WARN  props.pointerEvents is deprecated. Use style.pointerEvents 
  console.warn (C:\Users\Evil\Pictures\rentspot\node_modules\expo\node_modules\@expo\cli\src\start\server\serverLogLikeMetro.ts:161:21)
  warnOnce (C:\Users\Evil\Pictures\rentspot\node_modules\react-native-web\dist\modules\warnOnce\index.js:24:13)
  createDOMProps (C:\Users\Evil\Pictures\rentspot\node_modules\react-native-web\dist\modules\createDOMProps\index.js:805:13)
  createElement (C:\Users\Evil\Pictures\rentspot\node_modules\react-native-web\dist\exports\createElement\index.js:23:32)
  Component (C:\Users\Evil\Pictures\rentspot\node_modules\react-native-web\dist\exports\View\index.js:111:23)
  Object.callComponentInDEV [as react-stack-bottom-frame] (C:\Users\Evil\Pictures\rentspot\node_modules\react-dom\cjs\react-dom-server-legacy.node.development.js:8970:18)
  renderWithHooks (C:\Users\Evil\Pictures\rentspot\node_modules\react-dom\cjs\react-dom-server-legacy.node.development.js:4699:19)
  run (C:\Users\Evil\Pictures\rentspot\node_modules\react-dom\cjs\react-dom-server-legacy.node.development.js:5539:39)
  retryNode (C:\Users\Evil\Pictures\rentspot\node_modules\react-dom\cjs\react-dom-server-legacy.node.development.js:5899:31)
  renderNodeDestructive (C:\Users\Evil\Pictures\rentspot\node_modules\react-dom\cjs\react-dom-server-legacy.node.development.js:5849:11)
λ  WARN  Image: style.resizeMode is deprecated. Please use props.resizeMode. 
  console.warn (C:\Users\Evil\Pictures\rentspot\node_modules\expo\node_modules\@expo\cli\src\start\server\serverLogLikeMetro.ts:161:21)
  warnOnce (C:\Users\Evil\Pictures\rentspot\node_modules\react-native-web\dist\modules\warnOnce\index.js:24:13)
  extractNonStandardStyleProps (C:\Users\Evil\Pictures\rentspot\node_modules\react-native-web\dist\exports\Image\index.js:59:13)
  Component (C:\Users\Evil\Pictures\rentspot\node_modules\react-native-web\dist\exports\Image\index.js:181:31)
  Object.callComponentInDEV [as react-stack-bottom-frame] (C:\Users\Evil\Pictures\rentspot\node_modules\react-dom\cjs\react-dom-server-legacy.node.development.js:8970:18)
  renderWithHooks (C:\Users\Evil\Pictures\rentspot\node_modules\react-dom\cjs\react-dom-server-legacy.node.development.js:4699:19)
  run (C:\Users\Evil\Pictures\rentspot\node_modules\react-dom\cjs\react-dom-server-legacy.node.development.js:5539:39)
  retryNode (C:\Users\Evil\Pictures\rentspot\node_modules\react-dom\cjs\react-dom-server-legacy.node.development.js:5899:31)
  renderNodeDestructive (C:\Users\Evil\Pictures\rentspot\node_modules\react-dom\cjs\react-dom-server-legacy.node.development.js:5849:11)
  renderNode (C:\Users\Evil\Pictures\rentspot\node_modules\react-dom\cjs\react-dom-server-legacy.node.development.js:6306:18)
"shadow*" style props are deprecated. Use "boxShadow".
"textShadow*" style props are deprecated. Use "textShadow".
λ  WARN  Route "./hooks/useCheckersGame.ts" is missing the required default export. Ensure a React component is exported as default. 
  console.warn (C:\Users\Evil\Pictures\rentspot\node_modules\expo\node_modules\@expo\cli\src\start\server\serverLogLikeMetro.ts:161:21)
  getDirectoryTree (C:\Users\Evil\Pictures\rentspot\node_modules\expo-router\build\getRoutesCore.js:311:29)
  getRoutes (C:\Users\Evil\Pictures\rentspot\node_modules\expo-router\build\getRoutesCore.js:23:27)
  getRoutes (C:\Users\Evil\Pictures\rentspot\node_modules\expo-router\build\getRoutes.js:20:41)
  useStore (C:\Users\Evil\Pictures\rentspot\node_modules\expo-router\build\global-state\router-store.js:141:48)
  Component (C:\Users\Evil\Pictures\rentspot\node_modules\expo-router\build\ExpoRoot.js:128:46)
  Object.callComponentInDEV [as react-stack-bottom-frame] (C:\Users\Evil\Pictures\rentspot\node_modules\react-dom\cjs\react-dom-server-legacy.node.development.js:8970:18)
  renderWithHooks (C:\Users\Evil\Pictures\rentspot\node_modules\react-dom\cjs\react-dom-server-legacy.node.development.js:4699:19)
  run (C:\Users\Evil\Pictures\rentspot\node_modules\react-dom\cjs\react-dom-server-legacy.node.development.js:5134:23)
  retryNode (C:\Users\Evil\Pictures\rentspot\node_modules\react-dom\cjs\react-dom-server-legacy.node.development.js:5899:31)
λ  WARN  Route "./hooks/useTictactoeGame.ts" is missing the required default export. Ensure a React component is exported as default. 
  console.warn (C:\Users\Evil\Pictures\rentspot\node_modules\expo\node_modules\@expo\cli\src\start\server\serverLogLikeMetro.ts:161:21)
  getDirectoryTree (C:\Users\Evil\Pictures\rentspot\node_modules\expo-router\build\getRoutesCore.js:311:29)
  getRoutes (C:\Users\Evil\Pictures\rentspot\node_modules\expo-router\build\getRoutesCore.js:23:27)
  getRoutes (C:\Users\Evil\Pictures\rentspot\node_modules\expo-router\build\getRoutes.js:20:41)
  useStore (C:\Users\Evil\Pictures\rentspot\node_modules\expo-router\build\global-state\router-store.js:141:48)
  Component (C:\Users\Evil\Pictures\rentspot\node_modules\expo-router\build\ExpoRoot.js:128:46)
  Object.callComponentInDEV [as react-stack-bottom-frame] (C:\Users\Evil\Pictures\rentspot\node_modules\react-dom\cjs\react-dom-server-legacy.node.development.js:8970:18)
  renderWithHooks (C:\Users\Evil\Pictures\rentspot\node_modules\react-dom\cjs\react-dom-server-legacy.node.development.js:4699:19)
  run (C:\Users\Evil\Pictures\rentspot\node_modules\react-dom\cjs\react-dom-server-legacy.node.development.js:5134:23)
  retryNode (C:\Users\Evil\Pictures\rentspot\node_modules\react-dom\cjs\react-dom-server-legacy.node.development.js:5899:31)
"shadow*" style props are deprecated. Use "boxShadow".
"textShadow*" style props are deprecated. Use "textShadow".
λ  WARN  Route "./hooks/useCheckersGame.ts" is missing the required default export. Ensure a React component is exported as default. 
  console.warn (C:\Users\Evil\Pictures\rentspot\node_modules\expo\node_modules\@expo\cli\src\start\server\serverLogLikeMetro.ts:161:21)
  getDirectoryTree (C:\Users\Evil\Pictures\rentspot\node_modules\expo-router\build\getRoutesCore.js:311:29)
  getRoutes (C:\Users\Evil\Pictures\rentspot\node_modules\expo-router\build\getRoutesCore.js:23:27)
  getRoutes (C:\Users\Evil\Pictures\rentspot\node_modules\expo-router\build\getRoutes.js:20:41)
  useStore (C:\Users\Evil\Pictures\rentspot\node_modules\expo-router\build\global-state\router-store.js:141:48)
  Component (C:\Users\Evil\Pictures\rentspot\node_modules\expo-router\build\ExpoRoot.js:128:46)
  Object.callComponentInDEV [as react-stack-bottom-frame] (C:\Users\Evil\Pictures\rentspot\node_modules\react-dom\cjs\react-dom-server-legacy.node.development.js:8970:18)
  renderWithHooks (C:\Users\Evil\Pictures\rentspot\node_modules\react-dom\cjs\react-dom-server-legacy.node.development.js:4699:19)
  run (C:\Users\Evil\Pictures\rentspot\node_modules\react-dom\cjs\react-dom-server-legacy.node.development.js:5134:23)
  retryNode (C:\Users\Evil\Pictures\rentspot\node_modules\react-dom\cjs\react-dom-server-legacy.node.development.js:5899:31)
λ  WARN  Route "./hooks/useTictactoeGame.ts" is missing the required default export. Ensure a React component is exported as default. 
  console.warn (C:\Users\Evil\Pictures\rentspot\node_modules\expo\node_modules\@expo\cli\src\start\server\serverLogLikeMetro.ts:161:21)
  getDirectoryTree (C:\Users\Evil\Pictures\rentspot\node_modules\expo-router\build\getRoutesCore.js:311:29)
  getRoutes (C:\Users\Evil\Pictures\rentspot\node_modules\expo-router\build\getRoutesCore.js:23:27)
  getRoutes (C:\Users\Evil\Pictures\rentspot\node_modules\expo-router\build\getRoutes.js:20:41)
  useStore (C:\Users\Evil\Pictures\rentspot\node_modules\expo-router\build\global-state\router-store.js:141:48)
  Component (C:\Users\Evil\Pictures\rentspot\node_modules\expo-router\build\ExpoRoot.js:128:46)
  Object.callComponentInDEV [as react-stack-bottom-frame] (C:\Users\Evil\Pictures\rentspot\node_modules\react-dom\cjs\react-dom-server-legacy.node.development.js:8970:18)
  renderWithHooks (C:\Users\Evil\Pictures\rentspot\node_modules\react-dom\cjs\react-dom-server-legacy.node.development.js:4699:19)
  run (C:\Users\Evil\Pictures\rentspot\node_modules\react-dom\cjs\react-dom-server-legacy.node.development.js:5134:23)
  retryNode (C:\Users\Evil\Pictures\rentspot\node_modules\react-dom\cjs\react-dom-server-legacy.node.development.js:5899:31)
λ  WARN  props.pointerEvents is deprecated. Use style.pointerEvents 
  console.warn (C:\Users\Evil\Pictures\rentspot\node_modules\expo\node_modules\@expo\cli\src\start\server\serverLogLikeMetro.ts:161:21)
  warnOnce (C:\Users\Evil\Pictures\rentspot\node_modules\react-native-web\dist\modules\warnOnce\index.js:24:13)
  createDOMProps (C:\Users\Evil\Pictures\rentspot\node_modules\react-native-web\dist\modules\createDOMProps\index.js:805:13)
  createElement (C:\Users\Evil\Pictures\rentspot\node_modules\react-native-web\dist\exports\createElement\index.js:23:32)
  Component (C:\Users\Evil\Pictures\rentspot\node_modules\react-native-web\dist\exports\View\index.js:111:23)
  Object.callComponentInDEV [as react-stack-bottom-frame] (C:\Users\Evil\Pictures\rentspot\node_modules\react-dom\cjs\react-dom-server-legacy.node.development.js:8970:18)
  renderWithHooks (C:\Users\Evil\Pictures\rentspot\node_modules\react-dom\cjs\react-dom-server-legacy.node.development.js:4699:19)
  run (C:\Users\Evil\Pictures\rentspot\node_modules\react-dom\cjs\react-dom-server-legacy.node.development.js:5539:39)
  retryNode (C:\Users\Evil\Pictures\rentspot\node_modules\react-dom\cjs\react-dom-server-legacy.node.development.js:5899:31)
  renderNodeDestructive (C:\Users\Evil\Pictures\rentspot\node_modules\react-dom\cjs\react-dom-server-legacy.node.development.js:5849:11)
"shadow*" style props are deprecated. Use "boxShadow".
"textShadow*" style props are deprecated. Use "textShadow".
λ  WARN  Route "./hooks/useCheckersGame.ts" is missing the required default export. Ensure a React component is exported as default. 
  console.warn (C:\Users\Evil\Pictures\rentspot\node_modules\expo\node_modules\@expo\cli\src\start\server\serverLogLikeMetro.ts:161:21)
  getDirectoryTree (C:\Users\Evil\Pictures\rentspot\node_modules\expo-router\build\getRoutesCore.js:311:29)
  getRoutes (C:\Users\Evil\Pictures\rentspot\node_modules\expo-router\build\getRoutesCore.js:23:27)
  getRoutes (C:\Users\Evil\Pictures\rentspot\node_modules\expo-router\build\getRoutes.js:20:41)
  useStore (C:\Users\Evil\Pictures\rentspot\node_modules\expo-router\build\global-state\router-store.js:141:48)
  Component (C:\Users\Evil\Pictures\rentspot\node_modules\expo-router\build\ExpoRoot.js:128:46)
  Object.callComponentInDEV [as react-stack-bottom-frame] (C:\Users\Evil\Pictures\rentspot\node_modules\react-dom\cjs\react-dom-server-legacy.node.development.js:8970:18)
  renderWithHooks (C:\Users\Evil\Pictures\rentspot\node_modules\react-dom\cjs\react-dom-server-legacy.node.development.js:4699:19)
  run (C:\Users\Evil\Pictures\rentspot\node_modules\react-dom\cjs\react-dom-server-legacy.node.development.js:5134:23)
  retryNode (C:\Users\Evil\Pictures\rentspot\node_modules\react-dom\cjs\react-dom-server-legacy.node.development.js:5899:31)
λ  WARN  Route "./hooks/useTictactoeGame.ts" is missing the required default export. Ensure a React component is exported as default. 
  console.warn (C:\Users\Evil\Pictures\rentspot\node_modules\expo\node_modules\@expo\cli\src\start\server\serverLogLikeMetro.ts:161:21)
  getDirectoryTree (C:\Users\Evil\Pictures\rentspot\node_modules\expo-router\build\getRoutesCore.js:311:29)
  getRoutes (C:\Users\Evil\Pictures\rentspot\node_modules\expo-router\build\getRoutesCore.js:23:27)
  getRoutes (C:\Users\Evil\Pictures\rentspot\node_modules\expo-router\build\getRoutes.js:20:41)
  useStore (C:\Users\Evil\Pictures\rentspot\node_modules\expo-router\build\global-state\router-store.js:141:48)
  Component (C:\Users\Evil\Pictures\rentspot\node_modules\expo-router\build\ExpoRoot.js:128:46)
  Object.callComponentInDEV [as react-stack-bottom-frame] (C:\Users\Evil\Pictures\rentspot\node_modules\react-dom\cjs\react-dom-server-legacy.node.development.js:8970:18)
  renderWithHooks (C:\Users\Evil\Pictures\rentspot\node_modules\react-dom\cjs\react-dom-server-legacy.node.development.js:4699:19)
  run (C:\Users\Evil\Pictures\rentspot\node_modules\react-dom\cjs\react-dom-server-legacy.node.development.js:5134:23)
  retryNode (C:\Users\Evil\Pictures\rentspot\node_modules\react-dom\cjs\react-dom-server-legacy.node.development.js:5899:31)
λ  WARN  props.pointerEvents is deprecated. Use style.pointerEvents 
  console.warn (C:\Users\Evil\Pictures\rentspot\node_modules\expo\node_modules\@expo\cli\src\start\server\serverLogLikeMetro.ts:161:21)
  warnOnce (C:\Users\Evil\Pictures\rentspot\node_modules\react-native-web\dist\modules\warnOnce\index.js:24:13)
  createDOMProps (C:\Users\Evil\Pictures\rentspot\node_modules\react-native-web\dist\modules\createDOMProps\index.js:805:13)
  createElement (C:\Users\Evil\Pictures\rentspot\node_modules\react-native-web\dist\exports\createElement\index.js:23:32)
  Component (C:\Users\Evil\Pictures\rentspot\node_modules\react-native-web\dist\exports\View\index.js:111:23)
  Object.callComponentInDEV [as react-stack-bottom-frame] (C:\Users\Evil\Pictures\rentspot\node_modules\react-dom\cjs\react-dom-server-legacy.node.development.js:8970:18)
  renderWithHooks (C:\Users\Evil\Pictures\rentspot\node_modules\react-dom\cjs\react-dom-server-legacy.node.development.js:4699:19)
  run (C:\Users\Evil\Pictures\rentspot\node_modules\react-dom\cjs\react-dom-server-legacy.node.development.js:5539:39)
  retryNode (C:\Users\Evil\Pictures\rentspot\node_modules\react-dom\cjs\react-dom-server-legacy.node.development.js:5899:31)
  renderNodeDestructive (C:\Users\Evil\Pictures\rentspot\node_modules\react-dom\cjs\react-dom-server-legacy.node.development.js:5849:11)
"shadow*" style props are deprecated. Use "boxShadow".
"textShadow*" style props are deprecated. Use "textShadow".
λ  WARN  Route "./hooks/useCheckersGame.ts" is missing the required default export. Ensure a React component is exported as default. 
  console.warn (C:\Users\Evil\Pictures\rentspot\node_modules\expo\node_modules\@expo\cli\src\start\server\serverLogLikeMetro.ts:161:21)
  getDirectoryTree (C:\Users\Evil\Pictures\rentspot\node_modules\expo-router\build\getRoutesCore.js:311:29)
  getRoutes (C:\Users\Evil\Pictures\rentspot\node_modules\expo-router\build\getRoutesCore.js:23:27)
  getRoutes (C:\Users\Evil\Pictures\rentspot\node_modules\expo-router\build\getRoutes.js:20:41)
  useStore (C:\Users\Evil\Pictures\rentspot\node_modules\expo-router\build\global-state\router-store.js:141:48)
  Component (C:\Users\Evil\Pictures\rentspot\node_modules\expo-router\build\ExpoRoot.js:128:46)
  Object.callComponentInDEV [as react-stack-bottom-frame] (C:\Users\Evil\Pictures\rentspot\node_modules\react-dom\cjs\react-dom-server-legacy.node.development.js:8970:18)
  renderWithHooks (C:\Users\Evil\Pictures\rentspot\node_modules\react-dom\cjs\react-dom-server-legacy.node.development.js:4699:19)
  run (C:\Users\Evil\Pictures\rentspot\node_modules\react-dom\cjs\react-dom-server-legacy.node.development.js:5134:23)
  retryNode (C:\Users\Evil\Pictures\rentspot\node_modules\react-dom\cjs\react-dom-server-legacy.node.development.js:5899:31)
λ  WARN  Route "./hooks/useTictactoeGame.ts" is missing the required default export. Ensure a React component is exported as default. 
  console.warn (C:\Users\Evil\Pictures\rentspot\node_modules\expo\node_modules\@expo\cli\src\start\server\serverLogLikeMetro.ts:161:21)
  getDirectoryTree (C:\Users\Evil\Pictures\rentspot\node_modules\expo-router\build\getRoutesCore.js:311:29)
  getRoutes (C:\Users\Evil\Pictures\rentspot\node_modules\expo-router\build\getRoutesCore.js:23:27)
  getRoutes (C:\Users\Evil\Pictures\rentspot\node_modules\expo-router\build\getRoutes.js:20:41)
  useStore (C:\Users\Evil\Pictures\rentspot\node_modules\expo-router\build\global-state\router-store.js:141:48)
  Component (C:\Users\Evil\Pictures\rentspot\node_modules\expo-router\build\ExpoRoot.js:128:46)
  Object.callComponentInDEV [as react-stack-bottom-frame] (C:\Users\Evil\Pictures\rentspot\node_modules\react-dom\cjs\react-dom-server-legacy.node.development.js:8970:18)
  renderWithHooks (C:\Users\Evil\Pictures\rentspot\node_modules\react-dom\cjs\react-dom-server-legacy.node.development.js:4699:19)
  run (C:\Users\Evil\Pictures\rentspot\node_modules\react-dom\cjs\react-dom-server-legacy.node.development.js:5134:23)
  retryNode (C:\Users\Evil\Pictures\rentspot\node_modules\react-dom\cjs\react-dom-server-legacy.node.development.js:5899:31)
"shadow*" style props are deprecated. Use "boxShadow".
"textShadow*" style props are deprecated. Use "textShadow".
λ  WARN  Route "./hooks/useCheckersGame.ts" is missing the required default export. Ensure a React component is exported as default. 
  console.warn (C:\Users\Evil\Pictures\rentspot\node_modules\expo\node_modules\@expo\cli\src\start\server\serverLogLikeMetro.ts:161:21)
  getDirectoryTree (C:\Users\Evil\Pictures\rentspot\node_modules\expo-router\build\getRoutesCore.js:311:29)
  getRoutes (C:\Users\Evil\Pictures\rentspot\node_modules\expo-router\build\getRoutesCore.js:23:27)
  getRoutes (C:\Users\Evil\Pictures\rentspot\node_modules\expo-router\build\getRoutes.js:20:41)
  useStore (C:\Users\Evil\Pictures\rentspot\node_modules\expo-router\build\global-state\router-store.js:141:48)
  Component (C:\Users\Evil\Pictures\rentspot\node_modules\expo-router\build\ExpoRoot.js:128:46)
  Object.callComponentInDEV [as react-stack-bottom-frame] (C:\Users\Evil\Pictures\rentspot\node_modules\react-dom\cjs\react-dom-server-legacy.node.development.js:8970:18)
  renderWithHooks (C:\Users\Evil\Pictures\rentspot\node_modules\react-dom\cjs\react-dom-server-legacy.node.development.js:4699:19)
  run (C:\Users\Evil\Pictures\rentspot\node_modules\react-dom\cjs\react-dom-server-legacy.node.development.js:5134:23)
  retryNode (C:\Users\Evil\Pictures\rentspot\node_modules\react-dom\cjs\react-dom-server-legacy.node.development.js:5899:31)
λ  WARN  Route "./hooks/useTictactoeGame.ts" is missing the required default export. Ensure a React component is exported as default. 
  console.warn (C:\Users\Evil\Pictures\rentspot\node_modules\expo\node_modules\@expo\cli\src\start\server\serverLogLikeMetro.ts:161:21)
  getDirectoryTree (C:\Users\Evil\Pictures\rentspot\node_modules\expo-router\build\getRoutesCore.js:311:29)
  getRoutes (C:\Users\Evil\Pictures\rentspot\node_modules\expo-router\build\getRoutesCore.js:23:27)
  getRoutes (C:\Users\Evil\Pictures\rentspot\node_modules\expo-router\build\getRoutes.js:20:41)
  useStore (C:\Users\Evil\Pictures\rentspot\node_modules\expo-router\build\global-state\router-store.js:141:48)
  Component (C:\Users\Evil\Pictures\rentspot\node_modules\expo-router\build\ExpoRoot.js:128:46)
  Object.callComponentInDEV [as react-stack-bottom-frame] (C:\Users\Evil\Pictures\rentspot\node_modules\react-dom\cjs\react-dom-server-legacy.node.development.js:8970:18)
  renderWithHooks (C:\Users\Evil\Pictures\rentspot\node_modules\react-dom\cjs\react-dom-server-legacy.node.development.js:4699:19)
  run (C:\Users\Evil\Pictures\rentspot\node_modules\react-dom\cjs\react-dom-server-legacy.node.development.js:5134:23)
  retryNode (C:\Users\Evil\Pictures\rentspot\node_modules\react-dom\cjs\react-dom-server-legacy.node.development.js:5899:31)
λ  WARN  props.pointerEvents is deprecated. Use style.pointerEvents 
  console.warn (C:\Users\Evil\Pictures\rentspot\node_modules\expo\node_modules\@expo\cli\src\start\server\serverLogLikeMetro.ts:161:21)
  warnOnce (C:\Users\Evil\Pictures\rentspot\node_modules\react-native-web\dist\modules\warnOnce\index.js:24:13)
  createDOMProps (C:\Users\Evil\Pictures\rentspot\node_modules\react-native-web\dist\modules\createDOMProps\index.js:805:13)
  createElement (C:\Users\Evil\Pictures\rentspot\node_modules\react-native-web\dist\exports\createElement\index.js:23:32)
  Component (C:\Users\Evil\Pictures\rentspot\node_modules\react-native-web\dist\exports\View\index.js:111:23)
  Object.callComponentInDEV [as react-stack-bottom-frame] (C:\Users\Evil\Pictures\rentspot\node_modules\react-dom\cjs\react-dom-server-legacy.node.development.js:8970:18)
  renderWithHooks (C:\Users\Evil\Pictures\rentspot\node_modules\react-dom\cjs\react-dom-server-legacy.node.development.js:4699:19)
  run (C:\Users\Evil\Pictures\rentspot\node_modules\react-dom\cjs\react-dom-server-legacy.node.development.js:5539:39)
  retryNode (C:\Users\Evil\Pictures\rentspot\node_modules\react-dom\cjs\react-dom-server-legacy.node.development.js:5899:31)
  renderNodeDestructive (C:\Users\Evil\Pictures\rentspot\node_modules\react-dom\cjs\react-dom-server-legacy.node.development.js:5849:11)
"shadow*" style props are deprecated. Use "boxShadow".
"textShadow*" style props are deprecated. Use "textShadow".
λ  WARN  Route "./hooks/useCheckersGame.ts" is missing the required default export. Ensure a React component is exported as default. 
  console.warn (C:\Users\Evil\Pictures\rentspot\node_modules\expo\node_modules\@expo\cli\src\start\server\serverLogLikeMetro.ts:161:21)
  getDirectoryTree (C:\Users\Evil\Pictures\rentspot\node_modules\expo-router\build\getRoutesCore.js:311:29)
  getRoutes (C:\Users\Evil\Pictures\rentspot\node_modules\expo-router\build\getRoutesCore.js:23:27)
  getRoutes (C:\Users\Evil\Pictures\rentspot\node_modules\expo-router\build\getRoutes.js:20:41)
  useStore (C:\Users\Evil\Pictures\rentspot\node_modules\expo-router\build\global-state\router-store.js:141:48)
  Component (C:\Users\Evil\Pictures\rentspot\node_modules\expo-router\build\ExpoRoot.js:128:46)
  Object.callComponentInDEV [as react-stack-bottom-frame] (C:\Users\Evil\Pictures\rentspot\node_modules\react-dom\cjs\react-dom-server-legacy.node.development.js:8970:18)
  renderWithHooks (C:\Users\Evil\Pictures\rentspot\node_modules\react-dom\cjs\react-dom-server-legacy.node.development.js:4699:19)
  run (C:\Users\Evil\Pictures\rentspot\node_modules\react-dom\cjs\react-dom-server-legacy.node.development.js:5134:23)
  retryNode (C:\Users\Evil\Pictures\rentspot\node_modules\react-dom\cjs\react-dom-server-legacy.node.development.js:5899:31)
λ  WARN  Route "./hooks/useTictactoeGame.ts" is missing the required default export. Ensure a React component is exported as default. 
  console.warn (C:\Users\Evil\Pictures\rentspot\node_modules\expo\node_modules\@expo\cli\src\start\server\serverLogLikeMetro.ts:161:21)
  getDirectoryTree (C:\Users\Evil\Pictures\rentspot\node_modules\expo-router\build\getRoutesCore.js:311:29)
  getRoutes (C:\Users\Evil\Pictures\rentspot\node_modules\expo-router\build\getRoutesCore.js:23:27)
  getRoutes (C:\Users\Evil\Pictures\rentspot\node_modules\expo-router\build\getRoutes.js:20:41)
  useStore (C:\Users\Evil\Pictures\rentspot\node_modules\expo-router\build\global-state\router-store.js:141:48)
  Component (C:\Users\Evil\Pictures\rentspot\node_modules\expo-router\build\ExpoRoot.js:128:46)
  Object.callComponentInDEV [as react-stack-bottom-frame] (C:\Users\Evil\Pictures\rentspot\node_modules\react-dom\cjs\react-dom-server-legacy.node.development.js:8970:18)
  renderWithHooks (C:\Users\Evil\Pictures\rentspot\node_modules\react-dom\cjs\react-dom-server-legacy.node.development.js:4699:19)
  run (C:\Users\Evil\Pictures\rentspot\node_modules\react-dom\cjs\react-dom-server-legacy.node.development.js:5134:23)
  retryNode (C:\Users\Evil\Pictures\rentspot\node_modules\react-dom\cjs\react-dom-server-legacy.node.development.js:5899:31)
λ  WARN  props.pointerEvents is deprecated. Use style.pointerEvents 
  console.warn (C:\Users\Evil\Pictures\rentspot\node_modules\expo\node_modules\@expo\cli\src\start\server\serverLogLikeMetro.ts:161:21)
  warnOnce (C:\Users\Evil\Pictures\rentspot\node_modules\react-native-web\dist\modules\warnOnce\index.js:24:13)
  createDOMProps (C:\Users\Evil\Pictures\rentspot\node_modules\react-native-web\dist\modules\createDOMProps\index.js:805:13)
  createElement (C:\Users\Evil\Pictures\rentspot\node_modules\react-native-web\dist\exports\createElement\index.js:23:32)
  Component (C:\Users\Evil\Pictures\rentspot\node_modules\react-native-web\dist\exports\View\index.js:111:23)
  Object.callComponentInDEV [as react-stack-bottom-frame] (C:\Users\Evil\Pictures\rentspot\node_modules\react-dom\cjs\react-dom-server-legacy.node.development.js:8970:18)
  renderWithHooks (C:\Users\Evil\Pictures\rentspot\node_modules\react-dom\cjs\react-dom-server-legacy.node.development.js:4699:19)
  run (C:\Users\Evil\Pictures\rentspot\node_modules\react-dom\cjs\react-dom-server-legacy.node.development.js:5539:39)
  retryNode (C:\Users\Evil\Pictures\rentspot\node_modules\react-dom\cjs\react-dom-server-legacy.node.development.js:5899:31)
  renderNodeDestructive (C:\Users\Evil\Pictures\rentspot\node_modules\react-dom\cjs\react-dom-server-legacy.node.development.js:5849:11)
"shadow*" style props are deprecated. Use "boxShadow".
"textShadow*" style props are deprecated. Use "textShadow".
λ  WARN  Route "./hooks/useCheckersGame.ts" is missing the required default export. Ensure a React component is exported as default. 
  console.warn (C:\Users\Evil\Pictures\rentspot\node_modules\expo\node_modules\@expo\cli\src\start\server\serverLogLikeMetro.ts:161:21)
  getDirectoryTree (C:\Users\Evil\Pictures\rentspot\node_modules\expo-router\build\getRoutesCore.js:311:29)
  getRoutes (C:\Users\Evil\Pictures\rentspot\node_modules\expo-router\build\getRoutesCore.js:23:27)
  getRoutes (C:\Users\Evil\Pictures\rentspot\node_modules\expo-router\build\getRoutes.js:20:41)
  useStore (C:\Users\Evil\Pictures\rentspot\node_modules\expo-router\build\global-state\router-store.js:141:48)
  Component (C:\Users\Evil\Pictures\rentspot\node_modules\expo-router\build\ExpoRoot.js:128:46)
  Object.callComponentInDEV [as react-stack-bottom-frame] (C:\Users\Evil\Pictures\rentspot\node_modules\react-dom\cjs\react-dom-server-legacy.node.development.js:8970:18)
  renderWithHooks (C:\Users\Evil\Pictures\rentspot\node_modules\react-dom\cjs\react-dom-server-legacy.node.development.js:4699:19)
  run (C:\Users\Evil\Pictures\rentspot\node_modules\react-dom\cjs\react-dom-server-legacy.node.development.js:5134:23)
  retryNode (C:\Users\Evil\Pictures\rentspot\node_modules\react-dom\cjs\react-dom-server-legacy.node.development.js:5899:31)
λ  WARN  Route "./hooks/useTictactoeGame.ts" is missing the required default export. Ensure a React component is exported as default. 
  console.warn (C:\Users\Evil\Pictures\rentspot\node_modules\expo\node_modules\@expo\cli\src\start\server\serverLogLikeMetro.ts:161:21)
  getDirectoryTree (C:\Users\Evil\Pictures\rentspot\node_modules\expo-router\build\getRoutesCore.js:311:29)
  getRoutes (C:\Users\Evil\Pictures\rentspot\node_modules\expo-router\build\getRoutesCore.js:23:27)
  getRoutes (C:\Users\Evil\Pictures\rentspot\node_modules\expo-router\build\getRoutes.js:20:41)
  useStore (C:\Users\Evil\Pictures\rentspot\node_modules\expo-router\build\global-state\router-store.js:141:48)
  Component (C:\Users\Evil\Pictures\rentspot\node_modules\expo-router\build\ExpoRoot.js:128:46)
  Object.callComponentInDEV [as react-stack-bottom-frame] (C:\Users\Evil\Pictures\rentspot\node_modules\react-dom\cjs\react-dom-server-legacy.node.development.js:8970:18)
  renderWithHooks (C:\Users\Evil\Pictures\rentspot\node_modules\react-dom\cjs\react-dom-server-legacy.node.development.js:4699:19)
  run (C:\Users\Evil\Pictures\rentspot\node_modules\react-dom\cjs\react-dom-server-legacy.node.development.js:5134:23)
  retryNode (C:\Users\Evil\Pictures\rentspot\node_modules\react-dom\cjs\react-dom-server-legacy.node.development.js:5899:31)
"shadow*" style props are deprecated. Use "boxShadow".
"textShadow*" style props are deprecated. Use "textShadow".
λ  WARN  Route "./hooks/useCheckersGame.ts" is missing the required default export. Ensure a React component is exported as default. 
  console.warn (C:\Users\Evil\Pictures\rentspot\node_modules\expo\node_modules\@expo\cli\src\start\server\serverLogLikeMetro.ts:161:21)
  getDirectoryTree (C:\Users\Evil\Pictures\rentspot\node_modules\expo-router\build\getRoutesCore.js:311:29)
  getRoutes (C:\Users\Evil\Pictures\rentspot\node_modules\expo-router\build\getRoutesCore.js:23:27)
  getRoutes (C:\Users\Evil\Pictures\rentspot\node_modules\expo-router\build\getRoutes.js:20:41)
  useStore (C:\Users\Evil\Pictures\rentspot\node_modules\expo-router\build\global-state\router-store.js:141:48)
  Component (C:\Users\Evil\Pictures\rentspot\node_modules\expo-router\build\ExpoRoot.js:128:46)
  Object.callComponentInDEV [as react-stack-bottom-frame] (C:\Users\Evil\Pictures\rentspot\node_modules\react-dom\cjs\react-dom-server-legacy.node.development.js:8970:18)
  renderWithHooks (C:\Users\Evil\Pictures\rentspot\node_modules\react-dom\cjs\react-dom-server-legacy.node.development.js:4699:19)
  run (C:\Users\Evil\Pictures\rentspot\node_modules\react-dom\cjs\react-dom-server-legacy.node.development.js:5134:23)
  retryNode (C:\Users\Evil\Pictures\rentspot\node_modules\react-dom\cjs\react-dom-server-legacy.node.development.js:5899:31)
λ  WARN  Route "./hooks/useTictactoeGame.ts" is missing the required default export. Ensure a React component is exported as default. 
  console.warn (C:\Users\Evil\Pictures\rentspot\node_modules\expo\node_modules\@expo\cli\src\start\server\serverLogLikeMetro.ts:161:21)
  getDirectoryTree (C:\Users\Evil\Pictures\rentspot\node_modules\expo-router\build\getRoutesCore.js:311:29)
  getRoutes (C:\Users\Evil\Pictures\rentspot\node_modules\expo-router\build\getRoutesCore.js:23:27)
  getRoutes (C:\Users\Evil\Pictures\rentspot\node_modules\expo-router\build\getRoutes.js:20:41)
  useStore (C:\Users\Evil\Pictures\rentspot\node_modules\expo-router\build\global-state\router-store.js:141:48)
  Component (C:\Users\Evil\Pictures\rentspot\node_modules\expo-router\build\ExpoRoot.js:128:46)
  Object.callComponentInDEV [as react-stack-bottom-frame] (C:\Users\Evil\Pictures\rentspot\node_modules\react-dom\cjs\react-dom-server-legacy.node.development.js:8970:18)
  renderWithHooks (C:\Users\Evil\Pictures\rentspot\node_modules\react-dom\cjs\react-dom-server-legacy.node.development.js:4699:19)
  run (C:\Users\Evil\Pictures\rentspot\node_modules\react-dom\cjs\react-dom-server-legacy.node.development.js:5134:23)
  retryNode (C:\Users\Evil\Pictures\rentspot\node_modules\react-dom\cjs\react-dom-server-legacy.node.development.js:5899:31)
λ  WARN  props.pointerEvents is deprecated. Use style.pointerEvents 
  console.warn (C:\Users\Evil\Pictures\rentspot\node_modules\expo\node_modules\@expo\cli\src\start\server\serverLogLikeMetro.ts:161:21)
  warnOnce (C:\Users\Evil\Pictures\rentspot\node_modules\react-native-web\dist\modules\warnOnce\index.js:24:13)
  createDOMProps (C:\Users\Evil\Pictures\rentspot\node_modules\react-native-web\dist\modules\createDOMProps\index.js:805:13)
  createElement (C:\Users\Evil\Pictures\rentspot\node_modules\react-native-web\dist\exports\createElement\index.js:23:32)
  Component (C:\Users\Evil\Pictures\rentspot\node_modules\react-native-web\dist\exports\View\index.js:111:23)
  Object.callComponentInDEV [as react-stack-bottom-frame] (C:\Users\Evil\Pictures\rentspot\node_modules\react-dom\cjs\react-dom-server-legacy.node.development.js:8970:18)
  renderWithHooks (C:\Users\Evil\Pictures\rentspot\node_modules\react-dom\cjs\react-dom-server-legacy.node.development.js:4699:19)
  run (C:\Users\Evil\Pictures\rentspot\node_modules\react-dom\cjs\react-dom-server-legacy.node.development.js:5539:39)
  retryNode (C:\Users\Evil\Pictures\rentspot\node_modules\react-dom\cjs\react-dom-server-legacy.node.development.js:5899:31)
  renderNodeDestructive (C:\Users\Evil\Pictures\rentspot\node_modules\react-dom\cjs\react-dom-server-legacy.node.development.js:5849:11)
"shadow*" style props are deprecated. Use "boxShadow".
"textShadow*" style props are deprecated. Use "textShadow".
λ  WARN  Route "./hooks/useCheckersGame.ts" is missing the required default export. Ensure a React component is exported as default. 
  console.warn (C:\Users\Evil\Pictures\rentspot\node_modules\expo\node_modules\@expo\cli\src\start\server\serverLogLikeMetro.ts:161:21)
  getDirectoryTree (C:\Users\Evil\Pictures\rentspot\node_modules\expo-router\build\getRoutesCore.js:311:29)
  getRoutes (C:\Users\Evil\Pictures\rentspot\node_modules\expo-router\build\getRoutesCore.js:23:27)
  getRoutes (C:\Users\Evil\Pictures\rentspot\node_modules\expo-router\build\getRoutes.js:20:41)
  useStore (C:\Users\Evil\Pictures\rentspot\node_modules\expo-router\build\global-state\router-store.js:141:48)
  ContextNavigator (C:\Users\Evil\Pictures\rentspot\node_modules\expo-router\build\ExpoRoot.js:128:46)
  Object.context [as react-stack-bottom-frame] (C:\Users\Evil\Pictures\rentspot\node_modules\react-dom\cjs\react-dom-server.node.development.js:49:9)
  REACT_PROFILER_TYPE (C:\Users\Evil\Pictures\rentspot\node_modules\react-dom\cjs\react-dom-server-legacy.node.development.js:4991:20)
  renderElement (C:\Users\Evil\Pictures\rentspot\node_modules\react-dom\cjs\react-dom-server-legacy.node.development.js:5309:16)
  retryNode (C:\Users\Evil\Pictures\rentspot\node_modules\react-dom\cjs\react-dom-server-legacy.node.development.js:6132:37)
λ  WARN  Route "./hooks/useTictactoeGame.ts" is missing the required default export. Ensure a React component is exported as default. 
  console.warn (C:\Users\Evil\Pictures\rentspot\node_modules\expo\node_modules\@expo\cli\src\start\server\serverLogLikeMetro.ts:161:21)
  getDirectoryTree (C:\Users\Evil\Pictures\rentspot\node_modules\expo-router\build\getRoutesCore.js:311:29)
  getRoutes (C:\Users\Evil\Pictures\rentspot\node_modules\expo-router\build\getRoutesCore.js:23:27)
  getRoutes (C:\Users\Evil\Pictures\rentspot\node_modules\expo-router\build\getRoutes.js:20:41)
  useStore (C:\Users\Evil\Pictures\rentspot\node_modules\expo-router\build\global-state\router-store.js:141:48)
  ContextNavigator (C:\Users\Evil\Pictures\rentspot\node_modules\expo-router\build\ExpoRoot.js:128:46)
  Object.context [as react-stack-bottom-frame] (C:\Users\Evil\Pictures\rentspot\node_modules\react-dom\cjs\react-dom-server.node.development.js:49:9)
  REACT_PROFILER_TYPE (C:\Users\Evil\Pictures\rentspot\node_modules\react-dom\cjs\react-dom-server-legacy.node.development.js:4991:20)
  renderElement (C:\Users\Evil\Pictures\rentspot\node_modules\react-dom\cjs\react-dom-server-legacy.node.development.js:5309:16)
  retryNode (C:\Users\Evil\Pictures\rentspot\node_modules\react-dom\cjs\react-dom-server-legacy.node.development.js:6132:37)
λ  WARN  props.pointerEvents is deprecated. Use style.pointerEvents 
  console.warn (C:\Users\Evil\Pictures\rentspot\node_modules\expo\node_modules\@expo\cli\src\start\server\serverLogLikeMetro.ts:161:21)
  warnOnce (C:\Users\Evil\Pictures\rentspot\node_modules\react-native-web\dist\modules\warnOnce\index.js:24:13)
  createDOMProps (C:\Users\Evil\Pictures\rentspot\node_modules\react-native-web\dist\modules\createDOMProps\index.js:805:13)
  createElement (C:\Users\Evil\Pictures\rentspot\node_modules\react-native-web\dist\exports\createElement\index.js:23:32)
  View (C:\Users\Evil\Pictures\rentspot\node_modules\react-native-web\dist\exports\View\index.js:111:23)
  Object.context [as react-stack-bottom-frame] (C:\Users\Evil\Pictures\rentspot\node_modules\react-dom\cjs\react-dom-server.node.development.js:49:9)
  renderWithHooks (C:\Users\Evil\Pictures\rentspot\node_modules\react-dom\cjs\react-dom-server-legacy.node.development.js:4991:20)
  renderElement (C:\Users\Evil\Pictures\rentspot\node_modules\react-dom\cjs\react-dom-server-legacy.node.development.js:5716:30)
  retryNode (C:\Users\Evil\Pictures\rentspot\node_modules\react-dom\cjs\react-dom-server-legacy.node.development.js:6132:37)
  renderNodeDestructive (C:\Users\Evil\Pictures\rentspot\node_modules\react-dom\cjs\react-dom-server-legacy.node.development.js:6089:7)
"shadow*" style props are deprecated. Use "boxShadow".
"textShadow*" style props are deprecated. Use "textShadow".
λ  WARN  Route "./hooks/useCheckersGame.ts" is missing the required default export. Ensure a React component is exported as default. 
  console.warn (C:\Users\Evil\Pictures\rentspot\node_modules\expo\node_modules\@expo\cli\src\start\server\serverLogLikeMetro.ts:161:21)
  getDirectoryTree (C:\Users\Evil\Pictures\rentspot\node_modules\expo-router\build\getRoutesCore.js:311:29)
  getRoutes (C:\Users\Evil\Pictures\rentspot\node_modules\expo-router\build\getRoutesCore.js:23:27)
  getRoutes (C:\Users\Evil\Pictures\rentspot\node_modules\expo-router\build\getRoutes.js:20:41)
  useStore (C:\Users\Evil\Pictures\rentspot\node_modules\expo-router\build\global-state\router-store.js:141:48)
  ContextNavigator (C:\Users\Evil\Pictures\rentspot\node_modules\expo-router\build\ExpoRoot.js:128:46)
  Object.context [as react-stack-bottom-frame] (C:\Users\Evil\Pictures\rentspot\node_modules\react-dom\cjs\react-dom-server.node.development.js:49:9)
  REACT_PROFILER_TYPE (C:\Users\Evil\Pictures\rentspot\node_modules\react-dom\cjs\react-dom-server-legacy.node.development.js:4991:20)
  renderElement (C:\Users\Evil\Pictures\rentspot\node_modules\react-dom\cjs\react-dom-server-legacy.node.development.js:5309:16)
  retryNode (C:\Users\Evil\Pictures\rentspot\node_modules\react-dom\cjs\react-dom-server-legacy.node.development.js:6132:37)
λ  WARN  Route "./hooks/useTictactoeGame.ts" is missing the required default export. Ensure a React component is exported as default. 
  console.warn (C:\Users\Evil\Pictures\rentspot\node_modules\expo\node_modules\@expo\cli\src\start\server\serverLogLikeMetro.ts:161:21)
  getDirectoryTree (C:\Users\Evil\Pictures\rentspot\node_modules\expo-router\build\getRoutesCore.js:311:29)
  getRoutes (C:\Users\Evil\Pictures\rentspot\node_modules\expo-router\build\getRoutesCore.js:23:27)
  getRoutes (C:\Users\Evil\Pictures\rentspot\node_modules\expo-router\build\getRoutes.js:20:41)
  useStore (C:\Users\Evil\Pictures\rentspot\node_modules\expo-router\build\global-state\router-store.js:141:48)
  ContextNavigator (C:\Users\Evil\Pictures\rentspot\node_modules\expo-router\build\ExpoRoot.js:128:46)
  Object.context [as react-stack-bottom-frame] (C:\Users\Evil\Pictures\rentspot\node_modules\react-dom\cjs\react-dom-server.node.development.js:49:9)
  REACT_PROFILER_TYPE (C:\Users\Evil\Pictures\rentspot\node_modules\react-dom\cjs\react-dom-server-legacy.node.development.js:4991:20)
  renderElement (C:\Users\Evil\Pictures\rentspot\node_modules\react-dom\cjs\react-dom-server-legacy.node.development.js:5309:16)
  retryNode (C:\Users\Evil\Pictures\rentspot\node_modules\react-dom\cjs\react-dom-server-legacy.node.development.js:6132:37)
"shadow*" style props are deprecated. Use "boxShadow".
"textShadow*" style props are deprecated. Use "textShadow".
λ  WARN  Route "./hooks/useCheckersGame.ts" is missing the required default export. Ensure a React component is exported as default. 
  console.warn (C:\Users\Evil\Pictures\rentspot\node_modules\expo\node_modules\@expo\cli\src\start\server\serverLogLikeMetro.ts:161:21)
  getDirectoryTree (C:\Users\Evil\Pictures\rentspot\node_modules\expo-router\build\getRoutesCore.js:311:29)
  getRoutes (C:\Users\Evil\Pictures\rentspot\node_modules\expo-router\build\getRoutesCore.js:23:27)
  getRoutes (C:\Users\Evil\Pictures\rentspot\node_modules\expo-router\build\getRoutes.js:20:41)
  useStore (C:\Users\Evil\Pictures\rentspot\node_modules\expo-router\build\global-state\router-store.js:141:48)
  ContextNavigator (C:\Users\Evil\Pictures\rentspot\node_modules\expo-router\build\ExpoRoot.js:128:46)
  Object.context [as react-stack-bottom-frame] (C:\Users\Evil\Pictures\rentspot\node_modules\react-dom\cjs\react-dom-server.node.development.js:49:9)
  REACT_PROFILER_TYPE (C:\Users\Evil\Pictures\rentspot\node_modules\react-dom\cjs\react-dom-server-legacy.node.development.js:4991:20)
  renderElement (C:\Users\Evil\Pictures\rentspot\node_modules\react-dom\cjs\react-dom-server-legacy.node.development.js:5309:16)
  retryNode (C:\Users\Evil\Pictures\rentspot\node_modules\react-dom\cjs\react-dom-server-legacy.node.development.js:6132:37)
λ  WARN  Route "./hooks/useTictactoeGame.ts" is missing the required default export. Ensure a React component is exported as default. 
  console.warn (C:\Users\Evil\Pictures\rentspot\node_modules\expo\node_modules\@expo\cli\src\start\server\serverLogLikeMetro.ts:161:21)
  getDirectoryTree (C:\Users\Evil\Pictures\rentspot\node_modules\expo-router\build\getRoutesCore.js:311:29)
  getRoutes (C:\Users\Evil\Pictures\rentspot\node_modules\expo-router\build\getRoutesCore.js:23:27)
  getRoutes (C:\Users\Evil\Pictures\rentspot\node_modules\expo-router\build\getRoutes.js:20:41)
  useStore (C:\Users\Evil\Pictures\rentspot\node_modules\expo-router\build\global-state\router-store.js:141:48)
  ContextNavigator (C:\Users\Evil\Pictures\rentspot\node_modules\expo-router\build\ExpoRoot.js:128:46)
  Object.context [as react-stack-bottom-frame] (C:\Users\Evil\Pictures\rentspot\node_modules\react-dom\cjs\react-dom-server.node.development.js:49:9)
  REACT_PROFILER_TYPE (C:\Users\Evil\Pictures\rentspot\node_modules\react-dom\cjs\react-dom-server-legacy.node.development.js:4991:20)
  renderElement (C:\Users\Evil\Pictures\rentspot\node_modules\react-dom\cjs\react-dom-server-legacy.node.development.js:5309:16)
  retryNode (C:\Users\Evil\Pictures\rentspot\node_modules\react-dom\cjs\react-dom-server-legacy.node.development.js:6132:37)
λ  WARN  props.pointerEvents is deprecated. Use style.pointerEvents 
  console.warn (C:\Users\Evil\Pictures\rentspot\node_modules\expo\node_modules\@expo\cli\src\start\server\serverLogLikeMetro.ts:161:21)
  warnOnce (C:\Users\Evil\Pictures\rentspot\node_modules\react-native-web\dist\modules\warnOnce\index.js:24:13)
  createDOMProps (C:\Users\Evil\Pictures\rentspot\node_modules\react-native-web\dist\modules\createDOMProps\index.js:805:13)
  createElement (C:\Users\Evil\Pictures\rentspot\node_modules\react-native-web\dist\exports\createElement\index.js:23:32)
  View (C:\Users\Evil\Pictures\rentspot\node_modules\react-native-web\dist\exports\View\index.js:111:23)
  Object.context [as react-stack-bottom-frame] (C:\Users\Evil\Pictures\rentspot\node_modules\react-dom\cjs\react-dom-server.node.development.js:49:9)
  renderWithHooks (C:\Users\Evil\Pictures\rentspot\node_modules\react-dom\cjs\react-dom-server-legacy.node.development.js:4991:20)
  renderElement (C:\Users\Evil\Pictures\rentspot\node_modules\react-dom\cjs\react-dom-server-legacy.node.development.js:5716:30)
  retryNode (C:\Users\Evil\Pictures\rentspot\node_modules\react-dom\cjs\react-dom-server-legacy.node.development.js:6132:37)
  renderNodeDestructive (C:\Users\Evil\Pictures\rentspot\node_modules\react-dom\cjs\react-dom-server-legacy.node.development.js:6089:7)
"shadow*" style props are deprecated. Use "boxShadow".
"textShadow*" style props are deprecated. Use "textShadow".
λ  WARN  Route "./hooks/useCheckersGame.ts" is missing the required default export. Ensure a React component is exported as default. 
  console.warn (C:\Users\Evil\Pictures\rentspot\node_modules\expo\node_modules\@expo\cli\src\start\server\serverLogLikeMetro.ts:161:21)
  getDirectoryTree (C:\Users\Evil\Pictures\rentspot\node_modules\expo-router\build\getRoutesCore.js:311:29)
  getRoutes (C:\Users\Evil\Pictures\rentspot\node_modules\expo-router\build\getRoutesCore.js:23:27)
  getRoutes (C:\Users\Evil\Pictures\rentspot\node_modules\expo-router\build\getRoutes.js:20:41)
  useStore (C:\Users\Evil\Pictures\rentspot\node_modules\expo-router\build\global-state\router-store.js:141:48)
  ContextNavigator (C:\Users\Evil\Pictures\rentspot\node_modules\expo-router\build\ExpoRoot.js:128:46)
  Object.nextChildren [as react-stack-bottom-frame] (C:\Users\Evil\Pictures\rentspot\node_modules\react-dom\cjs\react-dom-server.node.development.js:103:16)
  content (C:\Users\Evil\Pictures\rentspot\node_modules\react-dom\cjs\react-dom-server-legacy.node.development.js:5109:15)
  renderElement (C:\Users\Evil\Pictures\rentspot\node_modules\react-dom\cjs\react-dom-server-legacy.node.development.js:5352:17)
  retryNode (C:\Users\Evil\Pictures\rentspot\node_modules\react-dom\cjs\react-dom-server-legacy.node.development.js:6216:7)
λ  WARN  Route "./hooks/useTictactoeGame.ts" is missing the required default export. Ensure a React component is exported as default. 
  console.warn (C:\Users\Evil\Pictures\rentspot\node_modules\expo\node_modules\@expo\cli\src\start\server\serverLogLikeMetro.ts:161:21)
  getDirectoryTree (C:\Users\Evil\Pictures\rentspot\node_modules\expo-router\build\getRoutesCore.js:311:29)
  getRoutes (C:\Users\Evil\Pictures\rentspot\node_modules\expo-router\build\getRoutesCore.js:23:27)
  getRoutes (C:\Users\Evil\Pictures\rentspot\node_modules\expo-router\build\getRoutes.js:20:41)
  useStore (C:\Users\Evil\Pictures\rentspot\node_modules\expo-router\build\global-state\router-store.js:141:48)
  ContextNavigator (C:\Users\Evil\Pictures\rentspot\node_modules\expo-router\build\ExpoRoot.js:128:46)
  Object.nextChildren [as react-stack-bottom-frame] (C:\Users\Evil\Pictures\rentspot\node_modules\react-dom\cjs\react-dom-server.node.development.js:103:16)
  content (C:\Users\Evil\Pictures\rentspot\node_modules\react-dom\cjs\react-dom-server-legacy.node.development.js:5109:15)
  renderElement (C:\Users\Evil\Pictures\rentspot\node_modules\react-dom\cjs\react-dom-server-legacy.node.development.js:5352:17)
  retryNode (C:\Users\Evil\Pictures\rentspot\node_modules\react-dom\cjs\react-dom-server-legacy.node.development.js:6216:7)
λ  WARN  props.pointerEvents is deprecated. Use style.pointerEvents 
  console.warn (C:\Users\Evil\Pictures\rentspot\node_modules\expo\node_modules\@expo\cli\src\start\server\serverLogLikeMetro.ts:161:21)
  warnOnce (C:\Users\Evil\Pictures\rentspot\node_modules\react-native-web\dist\modules\warnOnce\index.js:24:13)
  createDOMProps (C:\Users\Evil\Pictures\rentspot\node_modules\react-native-web\dist\modules\createDOMProps\index.js:805:13)
  createElement (C:\Users\Evil\Pictures\rentspot\node_modules\react-native-web\dist\exports\createElement\index.js:23:32)
  View (C:\Users\Evil\Pictures\rentspot\node_modules\react-native-web\dist\exports\View\index.js:111:23)
  Object.nextChildren [as react-stack-bottom-frame] (C:\Users\Evil\Pictures\rentspot\node_modules\react-dom\cjs\react-dom-server.node.development.js:103:16)
  pendingTasks (C:\Users\Evil\Pictures\rentspot\node_modules\react-dom\cjs\react-dom-server-legacy.node.development.js:5109:15)
  renderElement (C:\Users\Evil\Pictures\rentspot\node_modules\react-dom\cjs\react-dom-server-legacy.node.development.js:5790:29)
  retryNode (C:\Users\Evil\Pictures\rentspot\node_modules\react-dom\cjs\react-dom-server-legacy.node.development.js:6216:7)
  renderNodeDestructive (C:\Users\Evil\Pictures\rentspot\node_modules\react-dom\cjs\react-dom-server-legacy.node.development.js:6172:14)
"shadow*" style props are deprecated. Use "boxShadow".
"textShadow*" style props are deprecated. Use "textShadow".
λ  WARN  Route "./hooks/useCheckersGame.ts" is missing the required default export. Ensure a React component is exported as default. 
  console.warn (C:\Users\Evil\Pictures\rentspot\node_modules\expo\node_modules\@expo\cli\src\start\server\serverLogLikeMetro.ts:161:21)
  getDirectoryTree (C:\Users\Evil\Pictures\rentspot\node_modules\expo-router\build\getRoutesCore.js:311:29)
  getRoutes (C:\Users\Evil\Pictures\rentspot\node_modules\expo-router\build\getRoutesCore.js:23:27)
  getRoutes (C:\Users\Evil\Pictures\rentspot\node_modules\expo-router\build\getRoutes.js:20:41)
  useStore (C:\Users\Evil\Pictures\rentspot\node_modules\expo-router\build\global-state\router-store.js:141:48)
  ContextNavigator (C:\Users\Evil\Pictures\rentspot\node_modules\expo-router\build\ExpoRoot.js:128:46)
  Object.nextChildren [as react-stack-bottom-frame] (C:\Users\Evil\Pictures\rentspot\node_modules\react-dom\cjs\react-dom-server.node.development.js:103:16)
  content (C:\Users\Evil\Pictures\rentspot\node_modules\react-dom\cjs\react-dom-server-legacy.node.development.js:5109:15)
  renderElement (C:\Users\Evil\Pictures\rentspot\node_modules\react-dom\cjs\react-dom-server-legacy.node.development.js:5352:17)
  retryNode (C:\Users\Evil\Pictures\rentspot\node_modules\react-dom\cjs\react-dom-server-legacy.node.development.js:6216:7)
λ  WARN  Route "./hooks/useTictactoeGame.ts" is missing the required default export. Ensure a React component is exported as default. 
  console.warn (C:\Users\Evil\Pictures\rentspot\node_modules\expo\node_modules\@expo\cli\src\start\server\serverLogLikeMetro.ts:161:21)
  getDirectoryTree (C:\Users\Evil\Pictures\rentspot\node_modules\expo-router\build\getRoutesCore.js:311:29)
  getRoutes (C:\Users\Evil\Pictures\rentspot\node_modules\expo-router\build\getRoutesCore.js:23:27)
  getRoutes (C:\Users\Evil\Pictures\rentspot\node_modules\expo-router\build\getRoutes.js:20:41)
  useStore (C:\Users\Evil\Pictures\rentspot\node_modules\expo-router\build\global-state\router-store.js:141:48)
  ContextNavigator (C:\Users\Evil\Pictures\rentspot\node_modules\expo-router\build\ExpoRoot.js:128:46)
  Object.nextChildren [as react-stack-bottom-frame] (C:\Users\Evil\Pictures\rentspot\node_modules\react-dom\cjs\react-dom-server.node.development.js:103:16)
  content (C:\Users\Evil\Pictures\rentspot\node_modules\react-dom\cjs\react-dom-server-legacy.node.development.js:5109:15)
  renderElement (C:\Users\Evil\Pictures\rentspot\node_modules\react-dom\cjs\react-dom-server-legacy.node.development.js:5352:17)
  retryNode (C:\Users\Evil\Pictures\rentspot\node_modules\react-dom\cjs\react-dom-server-legacy.node.development.js:6216:7)
"shadow*" style props are deprecated. Use "boxShadow".
"textShadow*" style props are deprecated. Use "textShadow".
λ  WARN  Route "./hooks/useCheckersGame.ts" is missing the required default export. Ensure a React component is exported as default. 
  console.warn (C:\Users\Evil\Pictures\rentspot\node_modules\expo\node_modules\@expo\cli\src\start\server\serverLogLikeMetro.ts:161:21)
  getDirectoryTree (C:\Users\Evil\Pictures\rentspot\node_modules\expo-router\build\getRoutesCore.js:311:29)
  getRoutes (C:\Users\Evil\Pictures\rentspot\node_modules\expo-router\build\getRoutesCore.js:23:27)
  getRoutes (C:\Users\Evil\Pictures\rentspot\node_modules\expo-router\build\getRoutes.js:20:41)
  useStore (C:\Users\Evil\Pictures\rentspot\node_modules\expo-router\build\global-state\router-store.js:141:48)
  ContextNavigator (C:\Users\Evil\Pictures\rentspot\node_modules\expo-router\build\ExpoRoot.js:128:46)
  Object.nextChildren [as react-stack-bottom-frame] (C:\Users\Evil\Pictures\rentspot\node_modules\react-dom\cjs\react-dom-server.node.development.js:103:16)
  content (C:\Users\Evil\Pictures\rentspot\node_modules\react-dom\cjs\react-dom-server-legacy.node.development.js:5109:15)
  renderElement (C:\Users\Evil\Pictures\rentspot\node_modules\react-dom\cjs\react-dom-server-legacy.node.development.js:5352:17)
  retryNode (C:\Users\Evil\Pictures\rentspot\node_modules\react-dom\cjs\react-dom-server-legacy.node.development.js:6216:7)
λ  WARN  Route "./hooks/useTictactoeGame.ts" is missing the required default export. Ensure a React component is exported as default. 
  console.warn (C:\Users\Evil\Pictures\rentspot\node_modules\expo\node_modules\@expo\cli\src\start\server\serverLogLikeMetro.ts:161:21)
  getDirectoryTree (C:\Users\Evil\Pictures\rentspot\node_modules\expo-router\build\getRoutesCore.js:311:29)
  getRoutes (C:\Users\Evil\Pictures\rentspot\node_modules\expo-router\build\getRoutesCore.js:23:27)
  getRoutes (C:\Users\Evil\Pictures\rentspot\node_modules\expo-router\build\getRoutes.js:20:41)
  useStore (C:\Users\Evil\Pictures\rentspot\node_modules\expo-router\build\global-state\router-store.js:141:48)
  ContextNavigator (C:\Users\Evil\Pictures\rentspot\node_modules\expo-router\build\ExpoRoot.js:128:46)
  Object.nextChildren [as react-stack-bottom-frame] (C:\Users\Evil\Pictures\rentspot\node_modules\react-dom\cjs\react-dom-server.node.development.js:103:16)
  content (C:\Users\Evil\Pictures\rentspot\node_modules\react-dom\cjs\react-dom-server-legacy.node.development.js:5109:15)
  renderElement (C:\Users\Evil\Pictures\rentspot\node_modules\react-dom\cjs\react-dom-server-legacy.node.development.js:5352:17)
  retryNode (C:\Users\Evil\Pictures\rentspot\node_modules\react-dom\cjs\react-dom-server-legacy.node.development.js:6216:7)
λ  WARN  props.pointerEvents is deprecated. Use style.pointerEvents 
  console.warn (C:\Users\Evil\Pictures\rentspot\node_modules\expo\node_modules\@expo\cli\src\start\server\serverLogLikeMetro.ts:161:21)
  warnOnce (C:\Users\Evil\Pictures\rentspot\node_modules\react-native-web\dist\modules\warnOnce\index.js:24:13)
  createDOMProps (C:\Users\Evil\Pictures\rentspot\node_modules\react-native-web\dist\modules\createDOMProps\index.js:805:13)
  createElement (C:\Users\Evil\Pictures\rentspot\node_modules\react-native-web\dist\exports\createElement\index.js:23:32)
  View (C:\Users\Evil\Pictures\rentspot\node_modules\react-native-web\dist\exports\View\index.js:111:23)
  Object.nextChildren [as react-stack-bottom-frame] (C:\Users\Evil\Pictures\rentspot\node_modules\react-dom\cjs\react-dom-server.node.development.js:103:16)
  pendingTasks (C:\Users\Evil\Pictures\rentspot\node_modules\react-dom\cjs\react-dom-server-legacy.node.development.js:5109:15)
  renderElement (C:\Users\Evil\Pictures\rentspot\node_modules\react-dom\cjs\react-dom-server-legacy.node.development.js:5790:29)
  retryNode (C:\Users\Evil\Pictures\rentspot\node_modules\react-dom\cjs\react-dom-server-legacy.node.development.js:6216:7)
  renderNodeDestructive (C:\Users\Evil\Pictures\rentspot\node_modules\react-dom\cjs\react-dom-server-legacy.node.development.js:6172:14)
"shadow*" style props are deprecated. Use "boxShadow".
"textShadow*" style props are deprecated. Use "textShadow".
λ  WARN  Route "./hooks/useCheckersGame.ts" is missing the required default export. Ensure a React component is exported as default. 
  console.warn (C:\Users\Evil\Pictures\rentspot\node_modules\expo\node_modules\@expo\cli\src\start\server\serverLogLikeMetro.ts:161:21)
  getDirectoryTree (C:\Users\Evil\Pictures\rentspot\node_modules\expo-router\build\getRoutesCore.js:311:29)
  getRoutes (C:\Users\Evil\Pictures\rentspot\node_modules\expo-router\build\getRoutesCore.js:23:27)
  getRoutes (C:\Users\Evil\Pictures\rentspot\node_modules\expo-router\build\getRoutes.js:20:41)
  useStore (C:\Users\Evil\Pictures\rentspot\node_modules\expo-router\build\global-state\router-store.js:141:48)
  ContextNavigator (C:\Users\Evil\Pictures\rentspot\node_modules\expo-router\build\ExpoRoot.js:128:46)
  Object.nextChildren [as react-stack-bottom-frame] (C:\Users\Evil\Pictures\rentspot\node_modules\react-dom\cjs\react-dom-server.node.development.js:103:16)
  content (C:\Users\Evil\Pictures\rentspot\node_modules\react-dom\cjs\react-dom-server-legacy.node.development.js:5109:15)
  renderElement (C:\Users\Evil\Pictures\rentspot\node_modules\react-dom\cjs\react-dom-server-legacy.node.development.js:5352:17)
  retryNode (C:\Users\Evil\Pictures\rentspot\node_modules\react-dom\cjs\react-dom-server-legacy.node.development.js:6216:7)
λ  WARN  Route "./hooks/useTictactoeGame.ts" is missing the required default export. Ensure a React component is exported as default. 
  console.warn (C:\Users\Evil\Pictures\rentspot\node_modules\expo\node_modules\@expo\cli\src\start\server\serverLogLikeMetro.ts:161:21)
  getDirectoryTree (C:\Users\Evil\Pictures\rentspot\node_modules\expo-router\build\getRoutesCore.js:311:29)
  getRoutes (C:\Users\Evil\Pictures\rentspot\node_modules\expo-router\build\getRoutesCore.js:23:27)
  getRoutes (C:\Users\Evil\Pictures\rentspot\node_modules\expo-router\build\getRoutes.js:20:41)
  useStore (C:\Users\Evil\Pictures\rentspot\node_modules\expo-router\build\global-state\router-store.js:141:48)
  ContextNavigator (C:\Users\Evil\Pictures\rentspot\node_modules\expo-router\build\ExpoRoot.js:128:46)
  Object.nextChildren [as react-stack-bottom-frame] (C:\Users\Evil\Pictures\rentspot\node_modules\react-dom\cjs\react-dom-server.node.development.js:103:16)
  content (C:\Users\Evil\Pictures\rentspot\node_modules\react-dom\cjs\react-dom-server-legacy.node.development.js:5109:15)
  renderElement (C:\Users\Evil\Pictures\rentspot\node_modules\react-dom\cjs\react-dom-server-legacy.node.development.js:5352:17)
  retryNode (C:\Users\Evil\Pictures\rentspot\node_modules\react-dom\cjs\react-dom-server-legacy.node.development.js:6216:7)
λ  WARN  props.pointerEvents is deprecated. Use style.pointerEvents 
  console.warn (C:\Users\Evil\Pictures\rentspot\node_modules\expo\node_modules\@expo\cli\src\start\server\serverLogLikeMetro.ts:161:21)
  warnOnce (C:\Users\Evil\Pictures\rentspot\node_modules\react-native-web\dist\modules\warnOnce\index.js:24:13)
  createDOMProps (C:\Users\Evil\Pictures\rentspot\node_modules\react-native-web\dist\modules\createDOMProps\index.js:805:13)
  createElement (C:\Users\Evil\Pictures\rentspot\node_modules\react-native-web\dist\exports\createElement\index.js:23:32)
  View (C:\Users\Evil\Pictures\rentspot\node_modules\react-native-web\dist\exports\View\index.js:111:23)
  Object.nextChildren [as react-stack-bottom-frame] (C:\Users\Evil\Pictures\rentspot\node_modules\react-dom\cjs\react-dom-server.node.development.js:103:16)
  pendingTasks (C:\Users\Evil\Pictures\rentspot\node_modules\react-dom\cjs\react-dom-server-legacy.node.development.js:5109:15)
  renderElement (C:\Users\Evil\Pictures\rentspot\node_modules\react-dom\cjs\react-dom-server-legacy.node.development.js:5790:29)
  retryNode (C:\Users\Evil\Pictures\rentspot\node_modules\react-dom\cjs\react-dom-server-legacy.node.development.js:6216:7)
  renderNodeDestructive (C:\Users\Evil\Pictures\rentspot\node_modules\react-dom\cjs\react-dom-server-legacy.node.development.js:6172:14)
"shadow*" style props are deprecated. Use "boxShadow".
"textShadow*" style props are deprecated. Use "textShadow".
λ  WARN  Route "./hooks/useCheckersGame.ts" is missing the required default export. Ensure a React component is exported as default. 
  console.warn (C:\Users\Evil\Pictures\rentspot\node_modules\expo\node_modules\@expo\cli\src\start\server\serverLogLikeMetro.ts:161:21)
  getDirectoryTree (C:\Users\Evil\Pictures\rentspot\node_modules\expo-router\build\getRoutesCore.js:311:29)
  getRoutes (C:\Users\Evil\Pictures\rentspot\node_modules\expo-router\build\getRoutesCore.js:23:27)
  getRoutes (C:\Users\Evil\Pictures\rentspot\node_modules\expo-router\build\getRoutes.js:20:41)
  useStore (C:\Users\Evil\Pictures\rentspot\node_modules\expo-router\build\global-state\router-store.js:141:48)
  ContextNavigator (C:\Users\Evil\Pictures\rentspot\node_modules\expo-router\build\ExpoRoot.js:128:46)
  Object.nextChildren [as react-stack-bottom-frame] (C:\Users\Evil\Pictures\rentspot\node_modules\react-dom\cjs\react-dom-server.node.development.js:103:16)
  content (C:\Users\Evil\Pictures\rentspot\node_modules\react-dom\cjs\react-dom-server-legacy.node.development.js:5109:15)
  renderElement (C:\Users\Evil\Pictures\rentspot\node_modules\react-dom\cjs\react-dom-server-legacy.node.development.js:5352:17)
  retryNode (C:\Users\Evil\Pictures\rentspot\node_modules\react-dom\cjs\react-dom-server-legacy.node.development.js:6216:7)
λ  WARN  Route "./hooks/useTictactoeGame.ts" is missing the required default export. Ensure a React component is exported as default. 
  console.warn (C:\Users\Evil\Pictures\rentspot\node_modules\expo\node_modules\@expo\cli\src\start\server\serverLogLikeMetro.ts:161:21)
  getDirectoryTree (C:\Users\Evil\Pictures\rentspot\node_modules\expo-router\build\getRoutesCore.js:311:29)
  getRoutes (C:\Users\Evil\Pictures\rentspot\node_modules\expo-router\build\getRoutesCore.js:23:27)
  getRoutes (C:\Users\Evil\Pictures\rentspot\node_modules\expo-router\build\getRoutes.js:20:41)
  useStore (C:\Users\Evil\Pictures\rentspot\node_modules\expo-router\build\global-state\router-store.js:141:48)
  ContextNavigator (C:\Users\Evil\Pictures\rentspot\node_modules\expo-router\build\ExpoRoot.js:128:46)
  Object.nextChildren [as react-stack-bottom-frame] (C:\Users\Evil\Pictures\rentspot\node_modules\react-dom\cjs\react-dom-server.node.development.js:103:16)
  content (C:\Users\Evil\Pictures\rentspot\node_modules\react-dom\cjs\react-dom-server-legacy.node.development.js:5109:15)
  renderElement (C:\Users\Evil\Pictures\rentspot\node_modules\react-dom\cjs\react-dom-server-legacy.node.development.js:5352:17)
  retryNode (C:\Users\Evil\Pictures\rentspot\node_modules\react-dom\cjs\react-dom-server-legacy.node.development.js:6216:7)
λ  WARN  props.pointerEvents is deprecated. Use style.pointerEvents 
  console.warn (C:\Users\Evil\Pictures\rentspot\node_modules\expo\node_modules\@expo\cli\src\start\server\serverLogLikeMetro.ts:161:21)
  warnOnce (C:\Users\Evil\Pictures\rentspot\node_modules\react-native-web\dist\modules\warnOnce\index.js:24:13)
  createDOMProps (C:\Users\Evil\Pictures\rentspot\node_modules\react-native-web\dist\modules\createDOMProps\index.js:805:13)
  createElement (C:\Users\Evil\Pictures\rentspot\node_modules\react-native-web\dist\exports\createElement\index.js:23:32)
  View (C:\Users\Evil\Pictures\rentspot\node_modules\react-native-web\dist\exports\View\index.js:111:23)
  Object.nextChildren [as react-stack-bottom-frame] (C:\Users\Evil\Pictures\rentspot\node_modules\react-dom\cjs\react-dom-server.node.development.js:103:16)
  pendingTasks (C:\Users\Evil\Pictures\rentspot\node_modules\react-dom\cjs\react-dom-server-legacy.node.development.js:5109:15)
  renderElement (C:\Users\Evil\Pictures\rentspot\node_modules\react-dom\cjs\react-dom-server-legacy.node.development.js:5790:29)
  retryNode (C:\Users\Evil\Pictures\rentspot\node_modules\react-dom\cjs\react-dom-server-legacy.node.development.js:6216:7)
  renderNodeDestructive (C:\Users\Evil\Pictures\rentspot\node_modules\react-dom\cjs\react-dom-server-legacy.node.development.js:6172:14)
"shadow*" style props are deprecated. Use "boxShadow".
"textShadow*" style props are deprecated. Use "textShadow".
λ  WARN  Route "./hooks/useCheckersGame.ts" is missing the required default export. Ensure a React component is exported as default. 
  console.warn (C:\Users\Evil\Pictures\rentspot\node_modules\expo\node_modules\@expo\cli\src\start\server\serverLogLikeMetro.ts:161:21)
  getDirectoryTree (C:\Users\Evil\Pictures\rentspot\node_modules\expo-router\build\getRoutesCore.js:311:29)
  getRoutes (C:\Users\Evil\Pictures\rentspot\node_modules\expo-router\build\getRoutesCore.js:23:27)
  getRoutes (C:\Users\Evil\Pictures\rentspot\node_modules\expo-router\build\getRoutes.js:20:41)
  useStore (C:\Users\Evil\Pictures\rentspot\node_modules\expo-router\build\global-state\router-store.js:141:48)
  ContextNavigator (C:\Users\Evil\Pictures\rentspot\node_modules\expo-router\build\ExpoRoot.js:128:46)
  Object.nextChildren [as react-stack-bottom-frame] (C:\Users\Evil\Pictures\rentspot\node_modules\react-dom\cjs\react-dom-server.node.development.js:103:16)
  content (C:\Users\Evil\Pictures\rentspot\node_modules\react-dom\cjs\react-dom-server-legacy.node.development.js:5109:15)
  renderElement (C:\Users\Evil\Pictures\rentspot\node_modules\react-dom\cjs\react-dom-server-legacy.node.development.js:5352:17)
  retryNode (C:\Users\Evil\Pictures\rentspot\node_modules\react-dom\cjs\react-dom-server-legacy.node.development.js:6216:7)
λ  WARN  Route "./hooks/useTictactoeGame.ts" is missing the required default export. Ensure a React component is exported as default. 
  console.warn (C:\Users\Evil\Pictures\rentspot\node_modules\expo\node_modules\@expo\cli\src\start\server\serverLogLikeMetro.ts:161:21)
  getDirectoryTree (C:\Users\Evil\Pictures\rentspot\node_modules\expo-router\build\getRoutesCore.js:311:29)
  getRoutes (C:\Users\Evil\Pictures\rentspot\node_modules\expo-router\build\getRoutesCore.js:23:27)
  getRoutes (C:\Users\Evil\Pictures\rentspot\node_modules\expo-router\build\getRoutes.js:20:41)
  useStore (C:\Users\Evil\Pictures\rentspot\node_modules\expo-router\build\global-state\router-store.js:141:48)
  ContextNavigator (C:\Users\Evil\Pictures\rentspot\node_modules\expo-router\build\ExpoRoot.js:128:46)
  Object.nextChildren [as react-stack-bottom-frame] (C:\Users\Evil\Pictures\rentspot\node_modules\react-dom\cjs\react-dom-server.node.development.js:103:16)
  content (C:\Users\Evil\Pictures\rentspot\node_modules\react-dom\cjs\react-dom-server-legacy.node.development.js:5109:15)
  renderElement (C:\Users\Evil\Pictures\rentspot\node_modules\react-dom\cjs\react-dom-server-legacy.node.development.js:5352:17)
  retryNode (C:\Users\Evil\Pictures\rentspot\node_modules\react-dom\cjs\react-dom-server-legacy.node.development.js:6216:7)
"shadow*" style props are deprecated. Use "boxShadow".
"textShadow*" style props are deprecated. Use "textShadow".
λ  WARN  Route "./hooks/useCheckersGame.ts" is missing the required default export. Ensure a React component is exported as default. 
  console.warn (C:\Users\Evil\Pictures\rentspot\node_modules\expo\node_modules\@expo\cli\src\start\server\serverLogLikeMetro.ts:161:21)
  getDirectoryTree (C:\Users\Evil\Pictures\rentspot\node_modules\expo-router\build\getRoutesCore.js:311:29)
  getRoutes (C:\Users\Evil\Pictures\rentspot\node_modules\expo-router\build\getRoutesCore.js:23:27)
  getRoutes (C:\Users\Evil\Pictures\rentspot\node_modules\expo-router\build\getRoutes.js:20:41)
  useStore (C:\Users\Evil\Pictures\rentspot\node_modules\expo-router\build\global-state\router-store.js:141:48)
  ContextNavigator (C:\Users\Evil\Pictures\rentspot\node_modules\expo-router\build\ExpoRoot.js:128:46)
  Object.nextChildren [as react-stack-bottom-frame] (C:\Users\Evil\Pictures\rentspot\node_modules\react-dom\cjs\react-dom-server.node.development.js:103:16)
  content (C:\Users\Evil\Pictures\rentspot\node_modules\react-dom\cjs\react-dom-server-legacy.node.development.js:5109:15)
  renderElement (C:\Users\Evil\Pictures\rentspot\node_modules\react-dom\cjs\react-dom-server-legacy.node.development.js:5352:17)
  retryNode (C:\Users\Evil\Pictures\rentspot\node_modules\react-dom\cjs\react-dom-server-legacy.node.development.js:6216:7)
λ  WARN  Route "./hooks/useTictactoeGame.ts" is missing the required default export. Ensure a React component is exported as default. 
  console.warn (C:\Users\Evil\Pictures\rentspot\node_modules\expo\node_modules\@expo\cli\src\start\server\serverLogLikeMetro.ts:161:21)
  getDirectoryTree (C:\Users\Evil\Pictures\rentspot\node_modules\expo-router\build\getRoutesCore.js:311:29)
  getRoutes (C:\Users\Evil\Pictures\rentspot\node_modules\expo-router\build\getRoutesCore.js:23:27)
  getRoutes (C:\Users\Evil\Pictures\rentspot\node_modules\expo-router\build\getRoutes.js:20:41)
  useStore (C:\Users\Evil\Pictures\rentspot\node_modules\expo-router\build\global-state\router-store.js:141:48)
  ContextNavigator (C:\Users\Evil\Pictures\rentspot\node_modules\expo-router\build\ExpoRoot.js:128:46)
  Object.nextChildren [as react-stack-bottom-frame] (C:\Users\Evil\Pictures\rentspot\node_modules\react-dom\cjs\react-dom-server.node.development.js:103:16)
  content (C:\Users\Evil\Pictures\rentspot\node_modules\react-dom\cjs\react-dom-server-legacy.node.development.js:5109:15)
  renderElement (C:\Users\Evil\Pictures\rentspot\node_modules\react-dom\cjs\react-dom-server-legacy.node.development.js:5352:17)
  retryNode (C:\Users\Evil\Pictures\rentspot\node_modules\react-dom\cjs\react-dom-server-legacy.node.development.js:6216:7)
λ  WARN  props.pointerEvents is deprecated. Use style.pointerEvents 
  console.warn (C:\Users\Evil\Pictures\rentspot\node_modules\expo\node_modules\@expo\cli\src\start\server\serverLogLikeMetro.ts:161:21)
  warnOnce (C:\Users\Evil\Pictures\rentspot\node_modules\react-native-web\dist\modules\warnOnce\index.js:24:13)
  createDOMProps (C:\Users\Evil\Pictures\rentspot\node_modules\react-native-web\dist\modules\createDOMProps\index.js:805:13)
  createElement (C:\Users\Evil\Pictures\rentspot\node_modules\react-native-web\dist\exports\createElement\index.js:23:32)
  View (C:\Users\Evil\Pictures\rentspot\node_modules\react-native-web\dist\exports\View\index.js:111:23)
  Object.nextChildren [as react-stack-bottom-frame] (C:\Users\Evil\Pictures\rentspot\node_modules\react-dom\cjs\react-dom-server.node.development.js:103:16)
  pendingTasks (C:\Users\Evil\Pictures\rentspot\node_modules\react-dom\cjs\react-dom-server-legacy.node.development.js:5109:15)
  renderElement (C:\Users\Evil\Pictures\rentspot\node_modules\react-dom\cjs\react-dom-server-legacy.node.development.js:5790:29)
  retryNode (C:\Users\Evil\Pictures\rentspot\node_modules\react-dom\cjs\react-dom-server-legacy.node.development.js:6216:7)
  renderNodeDestructive (C:\Users\Evil\Pictures\rentspot\node_modules\react-dom\cjs\react-dom-server-legacy.node.development.js:6172:14)
