Starting project at C:\Users\Evil\Pictures\rentspot
React Compiler enabled
Metro is running in CI mode, reloads are disabled. Remove CI=true to enable watch mode.
Starting Metro Bundler
warning: Bundler cache is empty, rebuilding (this may take a minute)
Waiting on http://localhost:8089
Logs for your project will appear below.
Web node_modules\expo-router\entry.js ▓▓▓▓░░░░░░░░░░░░ 25.0% ( 5/10)
λ node_modules\expo-router\node\render.js ░░░░░░░░░░░░░░░░  5.0% ( 16/130)
Web node_modules\expo-router\entry.js ▓▓▓▓▓░░░░░░░░░░░ 34.0% (10/21)
λ node_modules\expo-router\node\render.js ▓▓░░░░░░░░░░░░░░ 14.4% (134/353)
Web node_modules\expo-router\entry.js ▓▓▓▓▓░░░░░░░░░░░ 34.0% (112/251)
λ node_modules\expo-router\node\render.js ▓▓▓▓▓▓▓▓░░░░░░░░ 55.0% (425/573)
Web node_modules\expo-router\entry.js ▓▓▓▓▓░░░░░░░░░░░ 34.0% (233/428)
λ node_modules\expo-router\node\render.js ▓▓▓▓▓▓▓▓▓▓▓▓░░░░ 81.1% (599/665)
Web node_modules\expo-router\entry.js ▓▓▓▓▓▓▓▓▓░░░░░░░ 56.6% (437/581)
λ node_modules\expo-router\node\render.js ▓▓▓▓▓▓▓▓▓▓▓▓▓░░░ 85.7% (712/769)
Web node_modules\expo-router\entry.js ▓▓▓▓▓▓▓▓▓▓▓▓▓▓░░ 88.7% (793/847)
λ node_modules\expo-router\node\render.js ▓▓▓▓▓▓▓▓▓▓▓▓▓▓▓░ 94.5% (879/904)
Web Bundled 21315ms node_modules\expo-router\entry.js (888 modules)
λ Bundled 21401ms node_modules\expo-router\node\render.js (939 modules)
Web node_modules\expo-router\entry.js ▓▓▓▓▓░░░░░░░░░░░ 36.0% ( 6/10)
λ Bundled 65ms node_modules\expo-router\node\render.js (1 module)
Web Bundled 1060ms node_modules\expo-router\entry.js (1 module)
Web node_modules\expo-router\entry.js ▓▓▓▓▓▓▓░░░░░░░░░ 45.7% (296/438)
Web node_modules\expo-router\entry.js ▓▓▓▓▓▓▓▓▓▓▓▓▓░░░ 86.2% (685/738)
Web Bundled 8931ms node_modules\expo-router\entry.js (889 modules)
λ Bundled 45ms node_modules\expo-router\node\render.js (1 module)
 LOG  [web] Logs will appear in the browser console
Web Bundled 975ms node_modules\expo-router\entry.js (1 module)
Web node_modules\expo-router\entry.js ░░░░░░░░░░░░░░░░  0.0% (0/1)
λ Bundled 75ms node_modules\expo-router\node\render.js (1 module)
Web Bundled 677ms node_modules\expo-router\entry.js (1 module)
Web Bundled 42ms node_modules\expo-router\entry.js (1 module)
 LOG  [web] Logs will appear in the browser console
Web node_modules\expo-router\entry.js ░░░░░░░░░░░░░░░░  0.0% (0/1)
λ Bundled 46ms node_modules\expo-router\node\render.js (1 module)
Web Bundled 688ms node_modules\expo-router\entry.js (1 module)
Web Bundled 55ms node_modules\expo-router\entry.js (1 module)
λ Bundled 44ms node_modules\expo-router\node\render.js (1 module)
 LOG  [web] Logs will appear in the browser console
λ Bundled 42ms node_modules\expo-router\node\render.js (1 module)
Web Bundled 1258ms node_modules\expo-router\entry.js (1 module)
Web Bundled 666ms node_modules\expo-router\entry.js (1 module)
Web Bundled 38ms node_modules\expo-router\entry.js (1 module)
 LOG  [web] Logs will appear in the browser console
Web node_modules\expo-router\entry.js ░░░░░░░░░░░░░░░░  0.0% (0/1)
λ Bundled 32ms node_modules\expo-router\node\render.js (1 module)
Web Bundled 477ms node_modules\expo-router\entry.js (1 module)
Web Bundled 94ms node_modules\expo-router\entry.js (1 module)
λ Bundled 46ms node_modules\expo-router\node\render.js (1 module)
 LOG  [web] Logs will appear in the browser console
λ Bundled 36ms node_modules\expo-router\node\render.js (1 module)
Web Bundled 1319ms node_modules\expo-router\entry.js (1 module)
Web Bundled 594ms node_modules\expo-router\entry.js (1 module)
Web Bundled 52ms node_modules\expo-router\entry.js (1 module)
 LOG  [web] Logs will appear in the browser console
Web node_modules\expo-router\entry.js ░░░░░░░░░░░░░░░░  0.0% (0/1)
λ Bundled 675ms node_modules\expo-router\node\render.js (1 module)
Web node_modules\expo-router\entry.js ░░░░░░░░░░░░░░░░  0.0% (0/1)
Web Bundled 3647ms node_modules\expo-router\entry.js (1 module)
Web Bundled 136ms node_modules\expo-router\entry.js (1 module)
λ Bundled 87ms node_modules\expo-router\node\render.js (1 module)
 LOG  [web] Logs will appear in the browser console
Web Bundled 1341ms node_modules\expo-router\entry.js (1 module)
