Starting project at C:\Users\Evil\Pictures\rentspot
React Compiler enabled
Metro is running in CI mode, reloads are disabled. Remove CI=true to enable watch mode.
Starting Metro Bundler
warning: Bundler cache is empty, rebuilding (this may take a minute)
Waiting on http://localhost:8090
Logs for your project will appear below.
Web node_modules\expo-router\entry.js ▓▓▓▓░░░░░░░░░░░░ 25.0% ( 5/10)
λ node_modules\expo-router\node\render.js ░░░░░░░░░░░░░░░░  5.0% (11/49)
Web node_modules\expo-router\entry.js ▓▓▓▓▓░░░░░░░░░░░ 34.0% ( 8/14)
λ node_modules\expo-router\node\render.js ▓░░░░░░░░░░░░░░░ 10.4% ( 94/291)
Web node_modules\expo-router\entry.js ▓▓▓▓▓░░░░░░░░░░░ 34.0% ( 33/126)
λ node_modules\expo-router\node\render.js ▓▓▓▓▓▓░░░░░░░░░░ 41.6% (353/547)
Web node_modules\expo-router\entry.js ▓▓▓▓▓░░░░░░░░░░░ 34.0% (172/353)
λ node_modules\expo-router\node\render.js ▓▓▓▓▓▓▓▓▓▓▓▓░░░░ 76.1% (582/667)
Web node_modules\expo-router\entry.js ▓▓▓▓▓░░░░░░░░░░░ 34.0% (253/448)
λ node_modules\expo-router\node\render.js ▓▓▓▓▓▓▓▓▓▓▓▓▓░░░ 82.3% (641/719)
Web node_modules\expo-router\entry.js ▓▓▓▓▓▓▓▓▓▓░░░░░░ 66.1% (544/669)
λ node_modules\expo-router\node\render.js ▓▓▓▓▓▓▓▓▓▓▓▓▓▓░░ 90.7% (777/836)
Web node_modules\expo-router\entry.js ▓▓▓▓▓▓▓▓▓▓▓▓▓▓▓░ 96.8% (863/877)
λ node_modules\expo-router\node\render.js ▓▓▓▓▓▓▓▓▓▓▓▓▓▓▓░ 99.1% (925/934)
Web node_modules\expo-router\entry.js ░░░░░░░░░░░░░░░░  0.0% (0/1)
λ node_modules\expo-router\node\render.js ░░░░░░░░░░░░░░░░  0.0% (0/1)
Web Bundled 23977ms node_modules\expo-router\entry.js (877 modules)
Web Bundled 3127ms node_modules\expo-router\entry.js (1 module)
λ Bundled 24050ms node_modules\expo-router\node\render.js (939 modules)
λ Bundled 3245ms node_modules\expo-router\node\render.js (1 module)
Web node_modules\expo-router\entry.js ▓▓▓▓▓░░░░░░░░░░░ 36.6% (26/43)
Web node_modules\expo-router\entry.js ▓▓▓▓▓▓▓░░░░░░░░░ 47.8% (358/518)
Web node_modules\expo-router\entry.js ▓▓▓▓▓▓▓▓▓▓▓▓▓░░░ 86.3% (788/848)
Web Bundled 8764ms node_modules\expo-router\entry.js (889 modules)
λ Bundled 44ms node_modules\expo-router\node\render.js (1 module)
 LOG  [web] Logs will appear in the browser console
Web Bundled 966ms node_modules\expo-router\entry.js (1 module)
Web node_modules\expo-router\entry.js ░░░░░░░░░░░░░░░░  0.0% (0/1)
λ Bundled 62ms node_modules\expo-router\node\render.js (1 module)
Web Bundled 645ms node_modules\expo-router\entry.js (1 module)
Web Bundled 46ms node_modules\expo-router\entry.js (1 module)
 LOG  [web] Logs will appear in the browser console
