
> rentspot@1.0.0 web
> expo start --web --port 8084 --host localhost --clear

Starting project at C:\Users\Evil\Pictures\rentspot
React Compiler enabled
Starting Metro Bundler
warning: Bundler cache is empty, rebuilding (this may take a minute)
Waiting on http://localhost:8084
Logs for your project will appear below.
Web node_modules\expo-router\entry.js ░░░░░░░░░░░░░░░░  0.0% (0/1)
λ node_modules\expo-router\node\render.js ░░░░░░░░░░░░░░░░  0.0% (0/1)
Web node_modules\expo-router\entry.js ░░░░░░░░░░░░░░░░  0.0% (0/1)
λ node_modules\expo-router\node\render.js ░░░░░░░░░░░░░░░░  1.0% (1/1)
Web node_modules\expo-router\entry.js ▓▓▓▓▓░░░░░░░░░░░ 34.0% ( 8/14)
λ node_modules\expo-router\node\render.js ░░░░░░░░░░░░░░░░  5.4% ( 40/199)
Web node_modules\expo-router\entry.js ▓▓▓▓▓░░░░░░░░░░░ 34.0% (12/25)
λ node_modules\expo-router\node\render.js ▓░░░░░░░░░░░░░░░  6.9% ( 68/258)
Web node_modules\expo-router\entry.js ▓▓▓▓▓░░░░░░░░░░░ 35.4% (22/37)
λ node_modules\expo-router\node\render.js ▓▓▓░░░░░░░░░░░░░ 23.9% (205/419)
Web node_modules\expo-router\entry.js ▓▓▓▓▓▓░░░░░░░░░░ 41.1% ( 36/131)
λ node_modules\expo-router\node\render.js ▓▓▓▓▓▓░░░░░░░░░░ 42.2% (354/545)
Web node_modules\expo-router\entry.js ▓▓▓▓▓▓░░░░░░░░░░ 41.1% ( 90/247)
λ node_modules\expo-router\node\render.js ▓▓▓▓▓▓▓▓▓▓░░░░░░ 63.5% (481/608)
Web node_modules\expo-router\entry.js ▓▓▓▓▓▓░░░░░░░░░░ 41.1% (135/294)
λ node_modules\expo-router\node\render.js ▓▓▓▓▓▓▓▓▓▓▓▓░░░░ 76.8% (566/646)
Web node_modules\expo-router\entry.js ░░░░░░░░░░░░░░░░  0.0% (0/1)
λ node_modules\expo-router\node\render.js ░░░░░░░░░░░░░░░░  0.0% (0/1)
Web node_modules\expo-router\entry.js ▓▓▓▓▓▓░░░░░░░░░░ 41.1% (192/384)
λ node_modules\expo-router\node\render.js ▓▓▓▓▓▓▓▓▓▓▓▓░░░░ 78.4% (596/673)
Web node_modules\expo-router\entry.js ░░░░░░░░░░░░░░░░  0.0% (0/1)
λ node_modules\expo-router\node\render.js ░░░░░░░░░░░░░░░░  0.0% (0/1)
Web node_modules\expo-router\entry.js ▓▓▓▓▓▓▓░░░░░░░░░ 44.9% (313/467)
λ node_modules\expo-router\node\render.js ▓▓▓▓▓▓▓▓▓▓▓▓▓░░░ 82.6% (664/733)
Web node_modules\expo-router\entry.js ░░░░░░░░░░░░░░░░  0.0% (0/1)
λ node_modules\expo-router\node\render.js ░░░░░░░░░░░░░░░░  0.0% (0/1)
Web node_modules\expo-router\entry.js ▓▓▓▓▓▓▓▓▓░░░░░░░ 59.7% (490/634)
λ node_modules\expo-router\node\render.js ▓▓▓▓▓▓▓▓▓▓▓▓▓▓░░ 92.2% (764/826)
Web node_modules\expo-router\entry.js ░░░░░░░░░░░░░░░░  0.0% (0/1)
λ node_modules\expo-router\node\render.js ░░░░░░░░░░░░░░░░  0.0% (0/1)
Web node_modules\expo-router\entry.js ▓▓▓▓▓▓▓▓▓▓▓▓░░░░ 78.6% (657/753)
λ node_modules\expo-router\node\render.js ▓▓▓▓▓▓▓▓▓▓▓▓▓▓▓░ 94.2% (858/899)
Web node_modules\expo-router\entry.js ░░░░░░░░░░░░░░░░  0.0% (0/1)
λ node_modules\expo-router\node\render.js ░░░░░░░░░░░░░░░░  0.0% (0/1)
Web node_modules\expo-router\entry.js ▓▓▓▓▓▓▓▓▓▓▓▓▓▓▓░ 97.7% (870/880)
λ node_modules\expo-router\node\render.js ▓▓▓▓▓▓▓▓▓▓▓▓▓▓▓░ 99.3% (916/919)
Web node_modules\expo-router\entry.js ░░░░░░░░░░░░░░░░  0.0% (0/1)
λ node_modules\expo-router\node\render.js ░░░░░░░░░░░░░░░░  0.0% (0/1)
λ Bundled 43688ms node_modules\expo-router\node\render.js (938 modules)
λ Bundled 21916ms node_modules\expo-router\node\render.js (1 module)
Web node_modules\expo-router\entry.js ▓▓▓▓▓▓▓▓▓▓▓▓▓▓▓░ 99.9% (887/887)
Web node_modules\expo-router\entry.js ░░░░░░░░░░░░░░░░  0.0% (0/1)
Web Bundled 49333ms node_modules\expo-router\entry.js (887 modules)
Web node_modules\expo-router\entry.js ▓▓▓▓▓▓▓▓▓▓▓▓▓▓▓░ 99.9% (887/887)
Web node_modules\expo-router\entry.js ░░░░░░░░░░░░░░░░  0.0% (0/1)
Web Bundled 27580ms node_modules\expo-router\entry.js (1 module)
Web node_modules\expo-router\entry.js ▓▓▓▓▓░░░░░░░░░░░ 34.0% (168/340)
Web node_modules\expo-router\entry.js ▓▓▓▓▓▓░░░░░░░░░░ 40.8% (255/399)
Web node_modules\expo-router\entry.js ▓▓▓▓▓▓▓▓░░░░░░░░ 52.7% (435/599)
Web node_modules\expo-router\entry.js ▓▓▓▓▓▓▓▓▓▓▓▓░░░░ 78.4% (695/793)
Web node_modules\expo-router\entry.js ▓▓▓▓▓▓▓▓▓▓▓▓▓▓▓░ 98.9% (881/886)
Web Bundled 18509ms node_modules\expo-router\entry.js (888 modules)
λ Bundled 124ms node_modules\expo-router\node\render.js (1 module)
 LOG  [web] Logs will appear in the browser console
Web node_modules\expo-router\entry.js ░░░░░░░░░░░░░░░░  0.0% (0/1)
Web Bundled 4668ms node_modules\expo-router\entry.js (1 module)
Web node_modules\expo-router\entry.js ░░░░░░░░░░░░░░░░  0.0% (0/1)
Web node_modules\expo-router\entry.js ░░░░░░░░░░░░░░░░  0.0% (0/1)
λ Bundled 112ms node_modules\expo-router\node\render.js (1 module)
Web Bundled 1731ms node_modules\expo-router\entry.js (1 module)
Web node_modules\expo-router\entry.js ░░░░░░░░░░░░░░░░  0.0% (0/1)
λ Bundled 126ms node_modules\expo-router\node\render.js (1 module)
Web Bundled 1818ms node_modules\expo-router\entry.js (1 module)
Web Bundled 127ms node_modules\expo-router\entry.js (1 module)
 LOG  [web] Logs will appear in the browser console
