Starting project at C:\Users\Evil\Pictures\rentspot
React Compiler enabled
Metro is running in CI mode, reloads are disabled. Remove CI=true to enable watch mode.
Starting Metro Bundler
Waiting on http://localhost:8081
Logs for your project will appear below.
Web node_modules\expo-router\entry.js ▓▓▓▓▓▓▓▓▓▓▓▓▓▓░░ 91.9% (832/868)
λ node_modules\expo-router\node\render.js ▓▓▓▓▓▓▓▓▓▓▓▓▓▓▓░ 97.9% (925/935)
Web node_modules\expo-router\entry.js ░░░░░░░░░░░░░░░░  0.0% (0/1)
λ node_modules\expo-router\node\render.js ░░░░░░░░░░░░░░░░  0.0% (0/1)
λ Bundled 3188ms node_modules\expo-router\node\render.js (939 modules)
λ Bundled 2435ms node_modules\expo-router\node\render.js (1 module)
Web Bundled 5433ms node_modules\expo-router\entry.js (868 modules)
Web Bundled 4638ms node_modules\expo-router\entry.js (1 module)
Web Bundled 686ms node_modules\expo-router\entry.js (759 modules)
Web Bundled 47ms node_modules\expo-router\entry.js (1 module)
λ Bundled 55ms node_modules\expo-router\node\render.js (1 module)
 LOG  [web] Logs will appear in the browser console
 LOG  [web] Logs will appear in the browser console
λ Bundled 73ms node_modules\expo-router\node\render.js (1 module)
λ Bundled 31ms node_modules\expo-router\node\render.js (1 module)
Web Bundled 2387ms node_modules\expo-router\entry.js (1 module)
Web Bundled 2126ms node_modules\expo-router\entry.js (1 module)
Web Bundled 1202ms node_modules\expo-router\entry.js (1 module)
Web Bundled 41ms node_modules\expo-router\entry.js (1 module)
 LOG  [web] Logs will appear in the browser console
λ Bundled 83ms node_modules\expo-router\node\render.js (1 module)
Web Bundled 553ms node_modules\expo-router\entry.js (1 module)
Web Bundled 44ms node_modules\expo-router\entry.js (1 module)
 LOG  [web] Logs will appear in the browser console
Web node_modules\expo-router\entry.js ░░░░░░░░░░░░░░░░  0.0% (0/1)
λ Bundled 23ms node_modules\expo-router\node\render.js (1 module)
Web Bundled 489ms node_modules\expo-router\entry.js (1 module)
Web node_modules\expo-router\entry.js ░░░░░░░░░░░░░░░░  0.0% (0/1)
λ Bundled 45ms node_modules\expo-router\node\render.js (1 module)
Web Bundled 617ms node_modules\expo-router\entry.js (1 module)
Web Bundled 71ms node_modules\expo-router\entry.js (1 module)
λ Bundled 53ms node_modules\expo-router\node\render.js (1 module)
 LOG  [web] Logs will appear in the browser console
λ Bundled 60ms node_modules\expo-router\node\render.js (1 module)
Web Bundled 1341ms node_modules\expo-router\entry.js (1 module)
Web Bundled 653ms node_modules\expo-router\entry.js (1 module)
Web Bundled 41ms node_modules\expo-router\entry.js (1 module)
 LOG  [web] Logs will appear in the browser console
Web node_modules\expo-router\entry.js ░░░░░░░░░░░░░░░░  0.0% (0/1)
λ Bundled 28ms node_modules\expo-router\node\render.js (1 module)
Web Bundled 478ms node_modules\expo-router\entry.js (1 module)
Web Bundled 90ms node_modules\expo-router\entry.js (1 module)
λ Bundled 41ms node_modules\expo-router\node\render.js (1 module)
 LOG  [web] Logs will appear in the browser console
λ Bundled 36ms node_modules\expo-router\node\render.js (1 module)
Web Bundled 1253ms node_modules\expo-router\entry.js (1 module)
Web Bundled 548ms node_modules\expo-router\entry.js (1 module)
Web Bundled 44ms node_modules\expo-router\entry.js (1 module)
 LOG  [web] Logs will appear in the browser console
Web node_modules\expo-router\entry.js ░░░░░░░░░░░░░░░░  0.0% (0/1)
λ Bundled 26ms node_modules\expo-router\node\render.js (1 module)
Web Bundled 432ms node_modules\expo-router\entry.js (1 module)
